mode: atomic
github.com/enterprise-idp/idpd/internal/authenticator/registry/registry.go:22.22,24.2 1 17
github.com/enterprise-idp/idpd/internal/authenticator/registry/registry.go:28.68,33.40 4 78
github.com/enterprise-idp/idpd/internal/authenticator/registry/registry.go:33.40,35.3 1 3
github.com/enterprise-idp/idpd/internal/authenticator/registry/registry.go:36.2,37.12 2 75
github.com/enterprise-idp/idpd/internal/authenticator/registry/registry.go:42.66,43.40 1 3
github.com/enterprise-idp/idpd/internal/authenticator/registry/registry.go:43.40,44.13 1 1
github.com/enterprise-idp/idpd/internal/authenticator/registry/registry.go:50.74,55.9 4 54
github.com/enterprise-idp/idpd/internal/authenticator/registry/registry.go:55.9,57.3 1 2
github.com/enterprise-idp/idpd/internal/authenticator/registry/registry.go:58.2,58.15 1 52
github.com/enterprise-idp/idpd/internal/authenticator/registry/registry.go:62.58,67.30 4 37
github.com/enterprise-idp/idpd/internal/authenticator/registry/registry.go:67.30,69.3 1 146
github.com/enterprise-idp/idpd/internal/authenticator/registry/registry.go:70.2,70.12 1 37
github.com/enterprise-idp/idpd/internal/authenticator/registry/registry.go:74.81,79.30 4 35
github.com/enterprise-idp/idpd/internal/authenticator/registry/registry.go:79.30,80.56 1 104
github.com/enterprise-idp/idpd/internal/authenticator/registry/registry.go:80.56,82.4 1 68
github.com/enterprise-idp/idpd/internal/authenticator/registry/registry.go:84.2,84.12 1 35
github.com/enterprise-idp/idpd/internal/hydra/client.go:20.66,21.23 1 20
github.com/enterprise-idp/idpd/internal/hydra/client.go:21.23,23.3 1 3
github.com/enterprise-idp/idpd/internal/hydra/client.go:24.2,24.60 1 20
github.com/enterprise-idp/idpd/internal/hydra/client.go:40.151,51.16 3 16
github.com/enterprise-idp/idpd/internal/hydra/client.go:51.16,53.3 1 0
github.com/enterprise-idp/idpd/internal/hydra/client.go:55.2,58.16 3 16
github.com/enterprise-idp/idpd/internal/hydra/client.go:58.16,60.3 1 0
github.com/enterprise-idp/idpd/internal/hydra/client.go:61.2,65.16 4 16
github.com/enterprise-idp/idpd/internal/hydra/client.go:65.16,67.3 1 2
github.com/enterprise-idp/idpd/internal/hydra/client.go:68.2,70.38 2 14
github.com/enterprise-idp/idpd/internal/hydra/client.go:70.38,72.3 1 2
github.com/enterprise-idp/idpd/internal/hydra/client.go:74.2,75.67 2 12
github.com/enterprise-idp/idpd/internal/hydra/client.go:75.67,77.3 1 1
github.com/enterprise-idp/idpd/internal/hydra/client.go:78.2,78.31 1 11
github.com/enterprise-idp/idpd/internal/authenticator/adapters/password/adapter.go:31.21,31.42 1 17
github.com/enterprise-idp/idpd/internal/authenticator/adapters/password/adapter.go:33.45,33.58 1 1
github.com/enterprise-idp/idpd/internal/authenticator/adapters/password/adapter.go:34.45,34.81 1 1
github.com/enterprise-idp/idpd/internal/authenticator/adapters/password/adapter.go:37.117,57.2 2 3
github.com/enterprise-idp/idpd/internal/authenticator/adapters/password/adapter.go:61.124,63.21 2 15
github.com/enterprise-idp/idpd/internal/authenticator/adapters/password/adapter.go:63.21,65.3 1 3
github.com/enterprise-idp/idpd/internal/authenticator/adapters/password/adapter.go:67.2,68.65 2 12
github.com/enterprise-idp/idpd/internal/authenticator/adapters/password/adapter.go:68.65,70.3 1 4
github.com/enterprise-idp/idpd/internal/authenticator/adapters/password/adapter.go:72.2,72.101 1 8
github.com/enterprise-idp/idpd/internal/authenticator/adapters/password/adapter.go:72.101,73.58 1 5
github.com/enterprise-idp/idpd/internal/authenticator/adapters/password/adapter.go:73.58,75.4 1 4
github.com/enterprise-idp/idpd/internal/authenticator/adapters/password/adapter.go:76.3,76.60 1 1
github.com/enterprise-idp/idpd/internal/authenticator/adapters/password/adapter.go:79.2,83.8 1 3
github.com/enterprise-idp/idpd/internal/authenticator/adapters/password/adapter.go:88.114,90.17 2 11
github.com/enterprise-idp/idpd/internal/authenticator/adapters/password/adapter.go:90.17,92.3 1 3
github.com/enterprise-idp/idpd/internal/authenticator/adapters/password/adapter.go:94.2,95.16 2 8
github.com/enterprise-idp/idpd/internal/authenticator/adapters/password/adapter.go:95.16,97.3 1 0
github.com/enterprise-idp/idpd/internal/authenticator/adapters/password/adapter.go:99.2,101.16 3 8
github.com/enterprise-idp/idpd/internal/authenticator/adapters/password/adapter.go:101.16,103.3 1 0
github.com/enterprise-idp/idpd/internal/authenticator/adapters/password/adapter.go:105.2,109.8 1 8
github.com/enterprise-idp/idpd/internal/authenticator/adapters/password/adapter.go:113.87,115.2 1 2
github.com/enterprise-idp/idpd/internal/authenticator/adapters/rest/adapter.go:27.96,28.19 1 26
github.com/enterprise-idp/idpd/internal/authenticator/adapters/rest/adapter.go:28.19,30.3 1 25
github.com/enterprise-idp/idpd/internal/authenticator/adapters/rest/adapter.go:31.2,36.3 1 26
github.com/enterprise-idp/idpd/internal/authenticator/adapters/rest/adapter.go:39.46,39.61 1 1
github.com/enterprise-idp/idpd/internal/authenticator/adapters/rest/adapter.go:40.46,40.67 1 3
github.com/enterprise-idp/idpd/internal/authenticator/adapters/rest/adapter.go:43.119,52.64 3 7
github.com/enterprise-idp/idpd/internal/authenticator/adapters/rest/adapter.go:52.64,54.3 1 4
github.com/enterprise-idp/idpd/internal/authenticator/adapters/rest/adapter.go:56.2,59.8 1 3
github.com/enterprise-idp/idpd/internal/authenticator/adapters/rest/adapter.go:63.126,73.67 3 7
github.com/enterprise-idp/idpd/internal/authenticator/adapters/rest/adapter.go:73.67,75.3 1 4
github.com/enterprise-idp/idpd/internal/authenticator/adapters/rest/adapter.go:76.2,76.19 1 3
github.com/enterprise-idp/idpd/internal/authenticator/adapters/rest/adapter.go:76.19,78.3 1 1
github.com/enterprise-idp/idpd/internal/authenticator/adapters/rest/adapter.go:80.2,84.8 1 2
github.com/enterprise-idp/idpd/internal/authenticator/adapters/rest/adapter.go:88.116,96.71 3 5
github.com/enterprise-idp/idpd/internal/authenticator/adapters/rest/adapter.go:96.71,98.3 1 3
github.com/enterprise-idp/idpd/internal/authenticator/adapters/rest/adapter.go:100.2,104.8 1 2
github.com/enterprise-idp/idpd/internal/authenticator/adapters/rest/adapter.go:108.89,115.71 2 5
github.com/enterprise-idp/idpd/internal/authenticator/adapters/rest/adapter.go:115.71,117.3 1 3
github.com/enterprise-idp/idpd/internal/authenticator/adapters/rest/adapter.go:118.2,118.12 1 2
github.com/enterprise-idp/idpd/internal/authenticator/adapters/rest/adapter.go:123.79,125.16 2 24
github.com/enterprise-idp/idpd/internal/authenticator/adapters/rest/adapter.go:125.16,127.3 1 0
github.com/enterprise-idp/idpd/internal/authenticator/adapters/rest/adapter.go:129.2,130.16 2 24
github.com/enterprise-idp/idpd/internal/authenticator/adapters/rest/adapter.go:130.16,132.3 1 0
github.com/enterprise-idp/idpd/internal/authenticator/adapters/rest/adapter.go:133.2,137.16 4 24
github.com/enterprise-idp/idpd/internal/authenticator/adapters/rest/adapter.go:137.16,139.3 1 2
github.com/enterprise-idp/idpd/internal/authenticator/adapters/rest/adapter.go:140.2,142.53 2 22
github.com/enterprise-idp/idpd/internal/authenticator/adapters/rest/adapter.go:142.53,145.26 3 12
github.com/enterprise-idp/idpd/internal/authenticator/adapters/rest/adapter.go:145.26,147.4 1 4
github.com/enterprise-idp/idpd/internal/authenticator/adapters/rest/adapter.go:148.3,148.74 1 8
github.com/enterprise-idp/idpd/internal/authenticator/adapters/rest/adapter.go:151.2,151.16 1 10
github.com/enterprise-idp/idpd/internal/authenticator/adapters/rest/adapter.go:151.16,152.64 1 8
github.com/enterprise-idp/idpd/internal/authenticator/adapters/rest/adapter.go:152.64,154.4 1 0
github.com/enterprise-idp/idpd/internal/authenticator/adapters/rest/adapter.go:156.2,156.12 1 10
github.com/enterprise-idp/idpd/internal/migration/config.go:118.54,120.16 2 6
github.com/enterprise-idp/idpd/internal/migration/config.go:120.16,122.3 1 1
github.com/enterprise-idp/idpd/internal/migration/config.go:123.2,124.51 2 5
github.com/enterprise-idp/idpd/internal/migration/config.go:124.51,126.3 1 1
github.com/enterprise-idp/idpd/internal/migration/config.go:127.2,127.18 1 4
github.com/enterprise-idp/idpd/internal/migration/config.go:132.53,134.18 2 6
github.com/enterprise-idp/idpd/internal/migration/config.go:134.18,136.3 1 1
github.com/enterprise-idp/idpd/internal/migration/config.go:137.2,137.35 1 5
github.com/enterprise-idp/idpd/internal/migration/config.go:137.35,138.27 1 5
github.com/enterprise-idp/idpd/internal/migration/config.go:138.27,139.32 1 8
github.com/enterprise-idp/idpd/internal/migration/config.go:139.32,141.5 1 3
github.com/enterprise-idp/idpd/internal/migration/config.go:143.3,143.15 1 2
github.com/enterprise-idp/idpd/internal/migration/config.go:145.2,145.58 1 5
github.com/enterprise-idp/idpd/internal/migration/config.go:145.58,147.3 1 2
github.com/enterprise-idp/idpd/internal/migration/config.go:148.2,148.50 1 3
github.com/enterprise-idp/idpd/internal/migration/config.go:148.50,150.3 1 1
github.com/enterprise-idp/idpd/internal/migration/config.go:151.2,151.14 1 2
github.com/enterprise-idp/idpd/internal/migration/config.go:155.57,157.46 2 5
github.com/enterprise-idp/idpd/internal/migration/config.go:157.46,159.3 1 3
github.com/enterprise-idp/idpd/internal/migration/config.go:160.2,160.42 1 5
github.com/enterprise-idp/idpd/internal/migration/config.go:160.42,162.3 1 2
github.com/enterprise-idp/idpd/internal/migration/config.go:163.2,163.16 1 5
github.com/enterprise-idp/idpd/internal/migration/kratos.go:54.94,56.16 2 0
github.com/enterprise-idp/idpd/internal/migration/kratos.go:56.16,58.3 1 0
github.com/enterprise-idp/idpd/internal/migration/kratos.go:59.2,60.16 2 0
github.com/enterprise-idp/idpd/internal/migration/kratos.go:60.16,62.3 1 0
github.com/enterprise-idp/idpd/internal/migration/kratos.go:63.2,63.39 1 0
github.com/enterprise-idp/idpd/internal/migration/kratos.go:63.39,65.3 1 0
github.com/enterprise-idp/idpd/internal/migration/kratos.go:67.2,68.16 2 0
github.com/enterprise-idp/idpd/internal/migration/kratos.go:68.16,70.3 1 0
github.com/enterprise-idp/idpd/internal/migration/kratos.go:70.8,71.44 1 0
github.com/enterprise-idp/idpd/internal/migration/kratos.go:71.44,73.4 1 0
github.com/enterprise-idp/idpd/internal/migration/kratos.go:75.2,75.15 1 0
github.com/enterprise-idp/idpd/internal/migration/kratos.go:79.32,79.50 1 0
github.com/enterprise-idp/idpd/internal/migration/kratos.go:82.40,82.56 1 0
github.com/enterprise-idp/idpd/internal/migration/kratos.go:84.63,86.16 2 0
github.com/enterprise-idp/idpd/internal/migration/kratos.go:86.16,88.3 1 0
github.com/enterprise-idp/idpd/internal/migration/kratos.go:89.2,89.12 1 0
github.com/enterprise-idp/idpd/internal/migration/kratos.go:93.83,99.16 2 0
github.com/enterprise-idp/idpd/internal/migration/kratos.go:99.16,101.3 1 0
github.com/enterprise-idp/idpd/internal/migration/kratos.go:102.2,105.18 3 0
github.com/enterprise-idp/idpd/internal/migration/kratos.go:105.18,108.89 3 0
github.com/enterprise-idp/idpd/internal/migration/kratos.go:108.89,110.4 1 0
github.com/enterprise-idp/idpd/internal/migration/kratos.go:111.3,112.28 2 0
github.com/enterprise-idp/idpd/internal/migration/kratos.go:114.2,114.24 1 0
github.com/enterprise-idp/idpd/internal/migration/kratos.go:119.86,138.16 2 0
github.com/enterprise-idp/idpd/internal/migration/kratos.go:138.16,140.3 1 0
github.com/enterprise-idp/idpd/internal/migration/kratos.go:141.2,144.18 3 0
github.com/enterprise-idp/idpd/internal/migration/kratos.go:144.18,147.103 3 0
github.com/enterprise-idp/idpd/internal/migration/kratos.go:147.103,149.4 1 0
github.com/enterprise-idp/idpd/internal/migration/kratos.go:150.3,151.27 2 0
github.com/enterprise-idp/idpd/internal/migration/kratos.go:153.2,153.24 1 0
github.com/enterprise-idp/idpd/internal/migration/kratos.go:157.86,163.16 2 0
github.com/enterprise-idp/idpd/internal/migration/kratos.go:163.16,165.3 1 0
github.com/enterprise-idp/idpd/internal/migration/kratos.go:166.2,169.18 3 0
github.com/enterprise-idp/idpd/internal/migration/kratos.go:169.18,171.100 2 0
github.com/enterprise-idp/idpd/internal/migration/kratos.go:171.100,173.4 1 0
github.com/enterprise-idp/idpd/internal/migration/kratos.go:174.3,174.24 1 0
github.com/enterprise-idp/idpd/internal/migration/kratos.go:176.2,176.24 1 0
github.com/enterprise-idp/idpd/internal/migration/kratos.go:183.61,184.9 1 7
github.com/enterprise-idp/idpd/internal/migration/kratos.go:185.47,188.17 3 2
github.com/enterprise-idp/idpd/internal/migration/kratos.go:188.17,190.4 1 1
github.com/enterprise-idp/idpd/internal/migration/kratos.go:191.3,191.36 1 1
github.com/enterprise-idp/idpd/internal/migration/kratos.go:193.49,196.17 3 2
github.com/enterprise-idp/idpd/internal/migration/kratos.go:196.17,198.4 1 1
github.com/enterprise-idp/idpd/internal/migration/kratos.go:199.3,199.36 1 1
github.com/enterprise-idp/idpd/internal/migration/kratos.go:201.91,203.17 2 2
github.com/enterprise-idp/idpd/internal/migration/kratos.go:203.17,205.4 1 1
github.com/enterprise-idp/idpd/internal/migration/kratos.go:206.3,208.17 3 1
github.com/enterprise-idp/idpd/internal/migration/kratos.go:208.17,210.4 1 0
github.com/enterprise-idp/idpd/internal/migration/kratos.go:211.3,211.36 1 1
github.com/enterprise-idp/idpd/internal/migration/kratos.go:213.10,214.73 1 1
github.com/enterprise-idp/idpd/internal/migration/run.go:32.91,33.33 1 0
github.com/enterprise-idp/idpd/internal/migration/run.go:33.33,35.3 1 0
github.com/enterprise-idp/idpd/internal/migration/run.go:36.2,36.60 1 0
github.com/enterprise-idp/idpd/internal/migration/run.go:40.51,44.16 3 0
github.com/enterprise-idp/idpd/internal/migration/run.go:44.16,46.3 1 0
github.com/enterprise-idp/idpd/internal/migration/run.go:47.2,50.16 3 0
github.com/enterprise-idp/idpd/internal/migration/run.go:50.16,52.3 1 0
github.com/enterprise-idp/idpd/internal/migration/run.go:53.2,55.55 2 0
github.com/enterprise-idp/idpd/internal/migration/run.go:55.55,57.3 1 0
github.com/enterprise-idp/idpd/internal/migration/run.go:58.2,62.16 3 0
github.com/enterprise-idp/idpd/internal/migration/run.go:62.16,64.3 1 0
github.com/enterprise-idp/idpd/internal/migration/run.go:65.2,68.16 3 0
github.com/enterprise-idp/idpd/internal/migration/run.go:68.16,70.3 1 0
github.com/enterprise-idp/idpd/internal/migration/run.go:71.2,73.28 2 0
github.com/enterprise-idp/idpd/internal/migration/run.go:73.28,75.17 2 0
github.com/enterprise-idp/idpd/internal/migration/run.go:75.17,77.4 1 0
github.com/enterprise-idp/idpd/internal/migration/run.go:78.3,78.45 1 0
github.com/enterprise-idp/idpd/internal/migration/run.go:81.2,82.12 2 0
github.com/enterprise-idp/idpd/internal/migration/run.go:87.73,95.16 3 0
github.com/enterprise-idp/idpd/internal/migration/run.go:95.16,97.3 1 0
github.com/enterprise-idp/idpd/internal/migration/run.go:98.2,98.16 1 0
github.com/enterprise-idp/idpd/internal/migration/run.go:103.94,107.43 3 0
github.com/enterprise-idp/idpd/internal/migration/run.go:107.43,108.24 1 0
github.com/enterprise-idp/idpd/internal/migration/run.go:108.24,110.9 2 0
github.com/enterprise-idp/idpd/internal/migration/run.go:114.2,115.21 2 0
github.com/enterprise-idp/idpd/internal/migration/run.go:115.21,125.3 2 0
github.com/enterprise-idp/idpd/internal/migration/run.go:125.8,128.17 3 0
github.com/enterprise-idp/idpd/internal/migration/run.go:128.17,130.4 1 0
github.com/enterprise-idp/idpd/internal/migration/run.go:134.2,137.16 1 0
github.com/enterprise-idp/idpd/internal/migration/run.go:137.16,139.3 1 0
github.com/enterprise-idp/idpd/internal/migration/run.go:141.2,146.57 2 0
github.com/enterprise-idp/idpd/internal/migration/run.go:146.57,148.3 1 0
github.com/enterprise-idp/idpd/internal/migration/run.go:149.2,149.16 1 0
github.com/enterprise-idp/idpd/internal/migration/run.go:154.81,156.34 2 0
github.com/enterprise-idp/idpd/internal/migration/run.go:156.34,158.3 1 0
github.com/enterprise-idp/idpd/internal/migration/run.go:160.2,161.46 2 0
github.com/enterprise-idp/idpd/internal/migration/run.go:161.46,163.16 2 0
github.com/enterprise-idp/idpd/internal/migration/run.go:163.16,165.4 1 0
github.com/enterprise-idp/idpd/internal/migration/run.go:166.3,166.49 1 0
github.com/enterprise-idp/idpd/internal/migration/run.go:169.2,192.16 3 0
github.com/enterprise-idp/idpd/internal/migration/run.go:192.16,194.3 1 0
github.com/enterprise-idp/idpd/internal/migration/run.go:196.2,201.12 2 0
github.com/enterprise-idp/idpd/internal/migration/run.go:208.102,211.68 2 0
github.com/enterprise-idp/idpd/internal/migration/run.go:211.68,213.23 2 0
github.com/enterprise-idp/idpd/internal/migration/run.go:213.23,215.4 1 0
github.com/enterprise-idp/idpd/internal/migration/run.go:216.3,233.36 5 0
github.com/enterprise-idp/idpd/internal/migration/run.go:233.36,238.64 1 0
github.com/enterprise-idp/idpd/internal/migration/run.go:238.64,240.5 1 0
github.com/enterprise-idp/idpd/internal/migration/run.go:241.4,241.79 1 0
github.com/enterprise-idp/idpd/internal/migration/run.go:242.9,242.24 1 0
github.com/enterprise-idp/idpd/internal/migration/run.go:242.24,244.4 1 0
github.com/enterprise-idp/idpd/internal/migration/run.go:244.9,246.4 1 0
github.com/enterprise-idp/idpd/internal/migration/run.go:248.3,248.33 1 0
github.com/enterprise-idp/idpd/internal/migration/run.go:251.2,251.25 1 0
github.com/enterprise-idp/idpd/internal/migration/run.go:258.156,260.16 2 0
github.com/enterprise-idp/idpd/internal/migration/run.go:260.16,262.3 1 0
github.com/enterprise-idp/idpd/internal/migration/run.go:263.2,264.16 2 0
github.com/enterprise-idp/idpd/internal/migration/run.go:264.16,266.3 1 0
github.com/enterprise-idp/idpd/internal/migration/run.go:269.2,270.32 2 0
github.com/enterprise-idp/idpd/internal/migration/run.go:270.32,272.3 1 0
github.com/enterprise-idp/idpd/internal/migration/run.go:274.2,277.38 3 0
github.com/enterprise-idp/idpd/internal/migration/run.go:277.38,279.47 2 0
github.com/enterprise-idp/idpd/internal/migration/run.go:279.47,281.4 1 0
github.com/enterprise-idp/idpd/internal/migration/run.go:283.3,284.26 2 0
github.com/enterprise-idp/idpd/internal/migration/run.go:284.26,286.4 1 0
github.com/enterprise-idp/idpd/internal/migration/run.go:288.3,293.88 2 0
github.com/enterprise-idp/idpd/internal/migration/run.go:293.88,296.12 3 0
github.com/enterprise-idp/idpd/internal/migration/run.go:299.3,301.45 2 0
github.com/enterprise-idp/idpd/internal/migration/run.go:301.45,302.93 1 0
github.com/enterprise-idp/idpd/internal/migration/run.go:302.93,304.5 1 0
github.com/enterprise-idp/idpd/internal/migration/run.go:308.2,308.17 1 0
github.com/enterprise-idp/idpd/internal/migration/run.go:308.17,310.3 1 0
github.com/enterprise-idp/idpd/internal/migration/run.go:311.2,311.25 1 0
github.com/enterprise-idp/idpd/internal/migration/run.go:315.153,316.17 1 0
github.com/enterprise-idp/idpd/internal/migration/run.go:317.18,318.62 1 0
github.com/enterprise-idp/idpd/internal/migration/run.go:319.14,320.71 1 0
github.com/enterprise-idp/idpd/internal/migration/run.go:321.10,324.13 2 0
github.com/enterprise-idp/idpd/internal/migration/run.go:331.121,333.27 2 0
github.com/enterprise-idp/idpd/internal/migration/run.go:333.27,335.3 1 0
github.com/enterprise-idp/idpd/internal/migration/run.go:338.2,341.88 2 0
github.com/enterprise-idp/idpd/internal/migration/run.go:341.88,343.3 1 0
github.com/enterprise-idp/idpd/internal/migration/run.go:345.2,350.12 2 0
github.com/enterprise-idp/idpd/internal/migration/run.go:356.151,364.63 2 0
github.com/enterprise-idp/idpd/internal/migration/run.go:364.63,366.3 1 0
github.com/enterprise-idp/idpd/internal/migration/run.go:368.2,368.45 1 0
github.com/enterprise-idp/idpd/internal/migration/run.go:368.45,370.10 2 0
github.com/enterprise-idp/idpd/internal/migration/run.go:370.10,372.12 2 0
github.com/enterprise-idp/idpd/internal/migration/run.go:375.3,387.17 4 0
github.com/enterprise-idp/idpd/internal/migration/run.go:387.17,389.4 1 0
github.com/enterprise-idp/idpd/internal/migration/run.go:391.2,391.12 1 0
github.com/enterprise-idp/idpd/internal/migration/run.go:396.127,398.16 2 0
github.com/enterprise-idp/idpd/internal/migration/run.go:398.16,400.3 1 0
github.com/enterprise-idp/idpd/internal/migration/run.go:402.2,403.36 2 0
github.com/enterprise-idp/idpd/internal/migration/run.go:403.36,405.10 2 0
github.com/enterprise-idp/idpd/internal/migration/run.go:405.10,407.12 2 0
github.com/enterprise-idp/idpd/internal/migration/run.go:410.3,411.16 2 0
github.com/enterprise-idp/idpd/internal/migration/run.go:411.16,413.4 1 0
github.com/enterprise-idp/idpd/internal/migration/run.go:416.3,421.17 2 0
github.com/enterprise-idp/idpd/internal/migration/run.go:421.17,423.12 2 0
github.com/enterprise-idp/idpd/internal/migration/run.go:425.3,425.10 1 0
github.com/enterprise-idp/idpd/internal/migration/run.go:427.2,427.19 1 0
github.com/enterprise-idp/idpd/internal/authenticator/adapters/oidc/adapter.go:28.45,30.2 1 19
github.com/enterprise-idp/idpd/internal/authenticator/adapters/oidc/adapter.go:32.45,32.58 1 1
github.com/enterprise-idp/idpd/internal/authenticator/adapters/oidc/adapter.go:33.45,33.81 1 1
github.com/enterprise-idp/idpd/internal/authenticator/adapters/oidc/adapter.go:38.119,40.16 2 11
github.com/enterprise-idp/idpd/internal/authenticator/adapters/oidc/adapter.go:40.16,42.3 1 1
github.com/enterprise-idp/idpd/internal/authenticator/adapters/oidc/adapter.go:44.2,45.30 2 10
github.com/enterprise-idp/idpd/internal/authenticator/adapters/oidc/adapter.go:45.30,63.3 2 12
github.com/enterprise-idp/idpd/internal/authenticator/adapters/oidc/adapter.go:65.2,65.52 1 10
github.com/enterprise-idp/idpd/internal/authenticator/adapters/oidc/adapter.go:69.124,71.2 1 3
github.com/enterprise-idp/idpd/internal/authenticator/adapters/oidc/adapter.go:75.114,77.2 1 3
github.com/enterprise-idp/idpd/internal/authenticator/adapters/oidc/adapter.go:80.87,82.2 1 2
github.com/enterprise-idp/idpd/internal/policy/policy.go:51.28,73.2 1 26
github.com/enterprise-idp/idpd/internal/policy/policy.go:81.42,83.2 1 0
github.com/enterprise-idp/idpd/internal/policy/policy.go:86.83,92.35 3 11
github.com/enterprise-idp/idpd/internal/policy/policy.go:92.35,94.3 1 2
github.com/enterprise-idp/idpd/internal/policy/policy.go:95.2,95.16 1 9
github.com/enterprise-idp/idpd/internal/policy/policy.go:95.16,97.3 1 3
github.com/enterprise-idp/idpd/internal/policy/policy.go:99.2,100.48 2 6
github.com/enterprise-idp/idpd/internal/policy/policy.go:100.48,102.3 1 2
github.com/enterprise-idp/idpd/internal/policy/policy.go:103.2,103.16 1 4
github.com/enterprise-idp/idpd/internal/policy/policy.go:107.86,109.16 2 6
github.com/enterprise-idp/idpd/internal/policy/policy.go:109.16,111.3 1 0
github.com/enterprise-idp/idpd/internal/policy/policy.go:112.2,117.16 2 6
github.com/enterprise-idp/idpd/internal/policy/policy.go:117.16,119.3 1 2
github.com/enterprise-idp/idpd/internal/policy/policy.go:120.2,120.12 1 4
github.com/enterprise-idp/idpd/internal/flow/store.go:28.42,30.2 1 0
github.com/enterprise-idp/idpd/internal/flow/store.go:34.123,36.16 2 3
github.com/enterprise-idp/idpd/internal/flow/store.go:36.16,38.3 1 0
github.com/enterprise-idp/idpd/internal/flow/store.go:40.2,48.16 4 3
github.com/enterprise-idp/idpd/internal/flow/store.go:48.16,50.3 1 1
github.com/enterprise-idp/idpd/internal/flow/store.go:52.2,52.53 1 2
github.com/enterprise-idp/idpd/internal/flow/store.go:52.53,54.3 1 0
github.com/enterprise-idp/idpd/internal/flow/store.go:55.2,55.16 1 2
github.com/enterprise-idp/idpd/internal/flow/store.go:59.85,68.35 4 6
github.com/enterprise-idp/idpd/internal/flow/store.go:68.35,70.3 1 1
github.com/enterprise-idp/idpd/internal/flow/store.go:71.2,71.16 1 5
github.com/enterprise-idp/idpd/internal/flow/store.go:71.16,73.3 1 1
github.com/enterprise-idp/idpd/internal/flow/store.go:75.2,75.53 1 4
github.com/enterprise-idp/idpd/internal/flow/store.go:75.53,77.3 1 0
github.com/enterprise-idp/idpd/internal/flow/store.go:79.2,79.62 1 4
github.com/enterprise-idp/idpd/internal/flow/store.go:79.62,83.3 2 2
github.com/enterprise-idp/idpd/internal/flow/store.go:84.2,84.16 1 2
github.com/enterprise-idp/idpd/internal/flow/store.go:88.122,90.16 2 4
github.com/enterprise-idp/idpd/internal/flow/store.go:90.16,92.3 1 0
github.com/enterprise-idp/idpd/internal/flow/store.go:94.2,99.16 2 4
github.com/enterprise-idp/idpd/internal/flow/store.go:99.16,101.3 1 1
github.com/enterprise-idp/idpd/internal/flow/store.go:102.2,102.29 1 3
github.com/enterprise-idp/idpd/internal/flow/store.go:102.29,104.3 1 1
github.com/enterprise-idp/idpd/internal/flow/store.go:105.2,105.12 1 2
github.com/enterprise-idp/idpd/internal/flow/store.go:109.97,115.16 2 4
github.com/enterprise-idp/idpd/internal/flow/store.go:115.16,117.3 1 2
github.com/enterprise-idp/idpd/internal/flow/store.go:118.2,118.12 1 2
github.com/enterprise-idp/idpd/internal/schema/store.go:44.42,46.2 1 0
github.com/enterprise-idp/idpd/internal/schema/store.go:50.85,60.35 4 11
github.com/enterprise-idp/idpd/internal/schema/store.go:60.35,62.3 1 6
github.com/enterprise-idp/idpd/internal/schema/store.go:63.2,63.16 1 5
github.com/enterprise-idp/idpd/internal/schema/store.go:63.16,65.3 1 2
github.com/enterprise-idp/idpd/internal/schema/store.go:66.2,67.18 2 3
github.com/enterprise-idp/idpd/internal/schema/store.go:72.89,74.16 2 5
github.com/enterprise-idp/idpd/internal/schema/store.go:74.16,76.3 1 1
github.com/enterprise-idp/idpd/internal/schema/store.go:77.2,77.34 1 4
github.com/enterprise-idp/idpd/internal/schema/store.go:77.34,79.3 1 1
github.com/enterprise-idp/idpd/internal/schema/store.go:82.2,90.22 4 3
github.com/enterprise-idp/idpd/internal/schema/store.go:90.22,92.64 1 2
github.com/enterprise-idp/idpd/internal/schema/store.go:92.64,94.4 1 1
github.com/enterprise-idp/idpd/internal/schema/store.go:95.3,95.84 1 1
github.com/enterprise-idp/idpd/internal/schema/store.go:97.2,98.22 2 1
github.com/enterprise-idp/idpd/internal/identity/store.go:50.42,52.2 1 0
github.com/enterprise-idp/idpd/internal/identity/store.go:56.124,66.35 4 3
github.com/enterprise-idp/idpd/internal/identity/store.go:66.35,68.3 1 1
github.com/enterprise-idp/idpd/internal/identity/store.go:69.2,69.16 1 2
github.com/enterprise-idp/idpd/internal/identity/store.go:69.16,71.3 1 1
github.com/enterprise-idp/idpd/internal/identity/store.go:72.2,72.61 1 1
github.com/enterprise-idp/idpd/internal/identity/store.go:72.61,74.3 1 0
github.com/enterprise-idp/idpd/internal/identity/store.go:75.2,75.16 1 1
github.com/enterprise-idp/idpd/internal/identity/store.go:80.129,90.35 4 3
github.com/enterprise-idp/idpd/internal/identity/store.go:90.35,92.3 1 1
github.com/enterprise-idp/idpd/internal/identity/store.go:93.2,93.16 1 2
github.com/enterprise-idp/idpd/internal/identity/store.go:93.16,95.3 1 1
github.com/enterprise-idp/idpd/internal/identity/store.go:96.2,96.61 1 1
github.com/enterprise-idp/idpd/internal/identity/store.go:96.61,98.3 1 0
github.com/enterprise-idp/idpd/internal/identity/store.go:99.2,99.16 1 1
github.com/enterprise-idp/idpd/internal/identity/store.go:104.171,113.16 4 2
github.com/enterprise-idp/idpd/internal/identity/store.go:113.16,115.3 1 1
github.com/enterprise-idp/idpd/internal/identity/store.go:116.2,116.61 1 1
github.com/enterprise-idp/idpd/internal/identity/store.go:116.61,118.3 1 0
github.com/enterprise-idp/idpd/internal/identity/store.go:119.2,119.16 1 1
github.com/enterprise-idp/idpd/internal/identity/store.go:123.140,132.16 4 3
github.com/enterprise-idp/idpd/internal/identity/store.go:132.16,134.3 1 1
github.com/enterprise-idp/idpd/internal/identity/store.go:135.2,136.20 2 2
github.com/enterprise-idp/idpd/internal/identity/store.go:140.101,149.35 4 3
github.com/enterprise-idp/idpd/internal/identity/store.go:149.35,151.3 1 1
github.com/enterprise-idp/idpd/internal/identity/store.go:152.2,152.16 1 2
github.com/enterprise-idp/idpd/internal/identity/store.go:152.16,154.3 1 1
github.com/enterprise-idp/idpd/internal/identity/store.go:155.2,156.20 2 1
github.com/enterprise-idp/idpd/internal/identity/store.go:160.110,165.16 2 3
github.com/enterprise-idp/idpd/internal/identity/store.go:165.16,167.3 1 1
github.com/enterprise-idp/idpd/internal/identity/store.go:168.2,168.29 1 2
github.com/enterprise-idp/idpd/internal/identity/store.go:168.29,170.3 1 1
github.com/enterprise-idp/idpd/internal/identity/store.go:171.2,171.12 1 1
github.com/enterprise-idp/idpd/internal/identity/store.go:177.122,184.35 3 3
github.com/enterprise-idp/idpd/internal/identity/store.go:184.35,186.3 1 1
github.com/enterprise-idp/idpd/internal/identity/store.go:187.2,187.16 1 2
github.com/enterprise-idp/idpd/internal/identity/store.go:187.16,189.3 1 1
github.com/enterprise-idp/idpd/internal/identity/store.go:190.2,190.24 1 1
github.com/enterprise-idp/idpd/internal/identity/store.go:194.113,199.16 2 3
github.com/enterprise-idp/idpd/internal/identity/store.go:199.16,201.3 1 1
github.com/enterprise-idp/idpd/internal/identity/store.go:202.2,202.29 1 2
github.com/enterprise-idp/idpd/internal/identity/store.go:202.29,204.3 1 1
github.com/enterprise-idp/idpd/internal/identity/store.go:205.2,205.12 1 1
github.com/enterprise-idp/idpd/internal/identity/store.go:210.156,218.16 2 3
github.com/enterprise-idp/idpd/internal/identity/store.go:218.16,221.3 1 1
github.com/enterprise-idp/idpd/internal/identity/store.go:222.2,222.12 1 2
github.com/enterprise-idp/idpd/internal/flow/verification/engine.go:36.66,38.2 1 20
github.com/enterprise-idp/idpd/internal/flow/verification/engine.go:43.108,45.16 2 7
github.com/enterprise-idp/idpd/internal/flow/verification/engine.go:45.16,47.3 1 0
github.com/enterprise-idp/idpd/internal/flow/verification/engine.go:49.2,58.16 3 7
github.com/enterprise-idp/idpd/internal/flow/verification/engine.go:58.16,60.3 1 1
github.com/enterprise-idp/idpd/internal/flow/verification/engine.go:62.2,62.98 1 6
github.com/enterprise-idp/idpd/internal/flow/verification/engine.go:62.98,64.3 1 1
github.com/enterprise-idp/idpd/internal/flow/verification/engine.go:65.2,67.22 2 5
github.com/enterprise-idp/idpd/internal/flow/verification/engine.go:71.95,73.2 1 2
github.com/enterprise-idp/idpd/internal/flow/verification/engine.go:77.98,79.16 2 11
github.com/enterprise-idp/idpd/internal/flow/verification/engine.go:79.16,81.3 1 1
github.com/enterprise-idp/idpd/internal/flow/verification/engine.go:82.2,82.34 1 10
github.com/enterprise-idp/idpd/internal/flow/verification/engine.go:82.34,84.3 1 1
github.com/enterprise-idp/idpd/internal/flow/verification/engine.go:85.2,85.37 1 9
github.com/enterprise-idp/idpd/internal/flow/verification/engine.go:85.37,87.3 1 1
github.com/enterprise-idp/idpd/internal/flow/verification/engine.go:88.2,88.25 1 8
github.com/enterprise-idp/idpd/internal/flow/verification/engine.go:88.25,90.3 1 1
github.com/enterprise-idp/idpd/internal/flow/verification/engine.go:92.2,93.26 2 7
github.com/enterprise-idp/idpd/internal/flow/verification/engine.go:93.26,95.3 1 6
github.com/enterprise-idp/idpd/internal/flow/verification/engine.go:96.2,96.18 1 7
github.com/enterprise-idp/idpd/internal/flow/verification/engine.go:96.18,98.3 1 2
github.com/enterprise-idp/idpd/internal/flow/verification/engine.go:101.2,101.68 1 5
github.com/enterprise-idp/idpd/internal/flow/verification/engine.go:101.68,104.3 2 1
github.com/enterprise-idp/idpd/internal/flow/verification/engine.go:107.2,107.109 1 4
github.com/enterprise-idp/idpd/internal/flow/verification/engine.go:107.109,109.3 1 1
github.com/enterprise-idp/idpd/internal/flow/verification/engine.go:112.2,113.101 2 3
github.com/enterprise-idp/idpd/internal/flow/verification/engine.go:113.101,115.3 1 0
github.com/enterprise-idp/idpd/internal/flow/verification/engine.go:116.2,116.12 1 3
github.com/enterprise-idp/idpd/internal/flow/verification/engine.go:119.38,121.40 2 109
github.com/enterprise-idp/idpd/internal/flow/verification/engine.go:121.40,123.3 1 0
github.com/enterprise-idp/idpd/internal/flow/verification/engine.go:124.2,124.53 1 109
github.com/enterprise-idp/idpd/internal/flow/verification/handler.go:27.53,29.2 1 25
github.com/enterprise-idp/idpd/internal/flow/verification/handler.go:32.39,35.2 2 0
github.com/enterprise-idp/idpd/internal/flow/verification/handler.go:39.67,41.14 2 14
github.com/enterprise-idp/idpd/internal/flow/verification/handler.go:41.14,44.3 2 2
github.com/enterprise-idp/idpd/internal/flow/verification/handler.go:46.2,47.16 2 12
github.com/enterprise-idp/idpd/internal/flow/verification/handler.go:47.16,50.3 2 2
github.com/enterprise-idp/idpd/internal/flow/verification/handler.go:52.2,53.17 2 10
github.com/enterprise-idp/idpd/internal/flow/verification/handler.go:53.17,55.79 1 5
github.com/enterprise-idp/idpd/internal/flow/verification/handler.go:55.79,56.40 1 3
github.com/enterprise-idp/idpd/internal/flow/verification/handler.go:56.40,59.5 2 1
github.com/enterprise-idp/idpd/internal/flow/verification/handler.go:60.4,60.39 1 2
github.com/enterprise-idp/idpd/internal/flow/verification/handler.go:60.39,63.5 2 1
github.com/enterprise-idp/idpd/internal/flow/verification/handler.go:64.4,65.10 2 1
github.com/enterprise-idp/idpd/internal/flow/verification/handler.go:67.3,68.9 2 2
github.com/enterprise-idp/idpd/internal/flow/verification/handler.go:71.2,72.16 2 5
github.com/enterprise-idp/idpd/internal/flow/verification/handler.go:72.16,73.39 1 2
github.com/enterprise-idp/idpd/internal/flow/verification/handler.go:73.39,76.4 2 1
github.com/enterprise-idp/idpd/internal/flow/verification/handler.go:77.3,77.38 1 1
github.com/enterprise-idp/idpd/internal/flow/verification/handler.go:77.38,80.4 2 1
github.com/enterprise-idp/idpd/internal/flow/verification/handler.go:81.3,82.9 2 0
github.com/enterprise-idp/idpd/internal/flow/verification/handler.go:85.2,85.52 1 3
github.com/enterprise-idp/idpd/internal/flow/verification/handler.go:89.70,91.14 2 11
github.com/enterprise-idp/idpd/internal/flow/verification/handler.go:91.14,94.3 2 1
github.com/enterprise-idp/idpd/internal/flow/verification/handler.go:96.2,97.16 2 10
github.com/enterprise-idp/idpd/internal/flow/verification/handler.go:97.16,100.3 2 1
github.com/enterprise-idp/idpd/internal/flow/verification/handler.go:102.2,103.62 2 9
github.com/enterprise-idp/idpd/internal/flow/verification/handler.go:103.62,106.3 2 1
github.com/enterprise-idp/idpd/internal/flow/verification/handler.go:108.2,109.17 2 8
github.com/enterprise-idp/idpd/internal/flow/verification/handler.go:109.17,112.3 2 2
github.com/enterprise-idp/idpd/internal/flow/verification/handler.go:114.2,114.78 1 6
github.com/enterprise-idp/idpd/internal/flow/verification/handler.go:114.78,115.39 1 3
github.com/enterprise-idp/idpd/internal/flow/verification/handler.go:115.39,118.4 2 1
github.com/enterprise-idp/idpd/internal/flow/verification/handler.go:119.3,119.38 1 2
github.com/enterprise-idp/idpd/internal/flow/verification/handler.go:119.38,122.4 2 1
github.com/enterprise-idp/idpd/internal/flow/verification/handler.go:123.3,124.9 2 1
github.com/enterprise-idp/idpd/internal/flow/verification/handler.go:127.2,127.68 1 3
github.com/enterprise-idp/idpd/internal/flow/verification/handler.go:142.63,151.2 4 3
github.com/enterprise-idp/idpd/internal/flow/verification/handler.go:153.58,157.2 3 25
github.com/enterprise-idp/idpd/internal/flow/verification/handler.go:159.44,161.2 1 17
github.com/enterprise-idp/idpd/internal/tenant/context.go:17.65,21.2 3 8
github.com/enterprise-idp/idpd/internal/tenant/context.go:25.53,28.2 2 5
github.com/enterprise-idp/idpd/internal/tenant/context.go:32.57,35.2 2 5
github.com/enterprise-idp/idpd/internal/tenant/middleware.go:23.45,25.2 1 6
github.com/enterprise-idp/idpd/internal/tenant/middleware.go:29.61,30.71 1 5
github.com/enterprise-idp/idpd/internal/tenant/middleware.go:30.71,34.17 3 5
github.com/enterprise-idp/idpd/internal/tenant/middleware.go:34.17,35.35 1 3
github.com/enterprise-idp/idpd/internal/tenant/middleware.go:35.35,38.5 2 2
github.com/enterprise-idp/idpd/internal/tenant/middleware.go:39.4,44.10 3 1
github.com/enterprise-idp/idpd/internal/tenant/middleware.go:47.3,48.40 2 2
github.com/enterprise-idp/idpd/internal/tenant/middleware.go:54.58,57.53 3 3
github.com/enterprise-idp/idpd/internal/tenant/middleware.go:57.53,59.3 1 0
github.com/enterprise-idp/idpd/internal/tenant/store.go:25.42,27.2 1 0
github.com/enterprise-idp/idpd/internal/tenant/store.go:36.78,39.16 3 3
github.com/enterprise-idp/idpd/internal/tenant/store.go:39.16,40.36 1 2
github.com/enterprise-idp/idpd/internal/tenant/store.go:40.36,42.4 1 1
github.com/enterprise-idp/idpd/internal/tenant/store.go:43.3,43.56 1 1
github.com/enterprise-idp/idpd/internal/tenant/store.go:45.2,45.15 1 1
github.com/enterprise-idp/idpd/internal/tenant/store.go:55.77,58.16 3 3
github.com/enterprise-idp/idpd/internal/tenant/store.go:58.16,59.36 1 2
github.com/enterprise-idp/idpd/internal/tenant/store.go:59.36,61.4 1 1
github.com/enterprise-idp/idpd/internal/tenant/store.go:62.3,62.52 1 1
github.com/enterprise-idp/idpd/internal/tenant/store.go:64.2,64.15 1 1
github.com/enterprise-idp/idpd/internal/tenant/store.go:74.81,77.16 3 2
github.com/enterprise-idp/idpd/internal/tenant/store.go:77.16,79.3 1 1
github.com/enterprise-idp/idpd/internal/tenant/store.go:80.2,80.15 1 1
github.com/enterprise-idp/idpd/internal/tenant/store.go:90.84,92.16 2 3
github.com/enterprise-idp/idpd/internal/tenant/store.go:92.16,94.3 1 1
github.com/enterprise-idp/idpd/internal/tenant/store.go:95.2,95.29 1 2
github.com/enterprise-idp/idpd/internal/tenant/store.go:95.29,97.3 1 1
github.com/enterprise-idp/idpd/internal/tenant/store.go:98.2,98.12 1 1
github.com/enterprise-idp/idpd/internal/tenant/store.go:108.62,110.16 2 4
github.com/enterprise-idp/idpd/internal/tenant/store.go:110.16,112.3 1 1
github.com/enterprise-idp/idpd/internal/tenant/store.go:113.2,116.18 3 3
github.com/enterprise-idp/idpd/internal/tenant/store.go:116.18,118.17 2 3
github.com/enterprise-idp/idpd/internal/tenant/store.go:118.17,120.4 1 1
github.com/enterprise-idp/idpd/internal/tenant/store.go:121.3,121.31 1 2
github.com/enterprise-idp/idpd/internal/tenant/store.go:123.2,123.35 1 2
github.com/enterprise-idp/idpd/internal/tenant/store.go:123.35,125.3 1 0
github.com/enterprise-idp/idpd/internal/tenant/store.go:126.2,126.21 1 2
github.com/enterprise-idp/idpd/internal/tenant/store.go:135.45,138.16 3 13
github.com/enterprise-idp/idpd/internal/tenant/store.go:138.16,140.3 1 8
github.com/enterprise-idp/idpd/internal/tenant/store.go:141.2,141.16 1 5
github.com/enterprise-idp/idpd/internal/flow/recovery/engine.go:51.111,53.2 1 29
github.com/enterprise-idp/idpd/internal/flow/recovery/engine.go:56.88,58.16 2 4
github.com/enterprise-idp/idpd/internal/flow/recovery/engine.go:58.16,60.3 1 1
github.com/enterprise-idp/idpd/internal/flow/recovery/engine.go:61.2,61.27 1 3
github.com/enterprise-idp/idpd/internal/flow/recovery/engine.go:61.27,63.3 1 1
github.com/enterprise-idp/idpd/internal/flow/recovery/engine.go:65.2,99.16 4 2
github.com/enterprise-idp/idpd/internal/flow/recovery/engine.go:99.16,101.3 1 1
github.com/enterprise-idp/idpd/internal/flow/recovery/engine.go:102.2,102.15 1 1
github.com/enterprise-idp/idpd/internal/flow/recovery/engine.go:106.95,108.2 1 2
github.com/enterprise-idp/idpd/internal/flow/recovery/engine.go:113.113,115.16 2 8
github.com/enterprise-idp/idpd/internal/flow/recovery/engine.go:115.16,117.3 1 1
github.com/enterprise-idp/idpd/internal/flow/recovery/engine.go:118.2,118.34 1 7
github.com/enterprise-idp/idpd/internal/flow/recovery/engine.go:118.34,120.3 1 1
github.com/enterprise-idp/idpd/internal/flow/recovery/engine.go:121.2,121.33 1 6
github.com/enterprise-idp/idpd/internal/flow/recovery/engine.go:121.33,123.3 1 1
github.com/enterprise-idp/idpd/internal/flow/recovery/engine.go:125.2,126.16 2 5
github.com/enterprise-idp/idpd/internal/flow/recovery/engine.go:126.16,128.3 1 1
github.com/enterprise-idp/idpd/internal/flow/recovery/engine.go:129.2,129.27 1 4
github.com/enterprise-idp/idpd/internal/flow/recovery/engine.go:129.27,131.3 1 1
github.com/enterprise-idp/idpd/internal/flow/recovery/engine.go:135.2,138.16 3 3
github.com/enterprise-idp/idpd/internal/flow/recovery/engine.go:138.16,140.3 1 0
github.com/enterprise-idp/idpd/internal/flow/recovery/engine.go:142.2,142.22 1 3
github.com/enterprise-idp/idpd/internal/flow/recovery/engine.go:142.22,152.3 5 1
github.com/enterprise-idp/idpd/internal/flow/recovery/engine.go:154.2,163.98 4 2
github.com/enterprise-idp/idpd/internal/flow/recovery/engine.go:163.98,165.3 1 1
github.com/enterprise-idp/idpd/internal/flow/recovery/engine.go:166.2,166.19 1 1
github.com/enterprise-idp/idpd/internal/flow/recovery/engine.go:172.127,174.16 2 15
github.com/enterprise-idp/idpd/internal/flow/recovery/engine.go:174.16,176.3 1 1
github.com/enterprise-idp/idpd/internal/flow/recovery/engine.go:177.2,177.34 1 14
github.com/enterprise-idp/idpd/internal/flow/recovery/engine.go:177.34,179.3 1 1
github.com/enterprise-idp/idpd/internal/flow/recovery/engine.go:180.2,180.33 1 13
github.com/enterprise-idp/idpd/internal/flow/recovery/engine.go:180.33,182.3 1 1
github.com/enterprise-idp/idpd/internal/flow/recovery/engine.go:183.2,183.67 1 12
github.com/enterprise-idp/idpd/internal/flow/recovery/engine.go:183.67,185.3 1 2
github.com/enterprise-idp/idpd/internal/flow/recovery/engine.go:187.2,188.18 2 10
github.com/enterprise-idp/idpd/internal/flow/recovery/engine.go:188.18,190.3 1 1
github.com/enterprise-idp/idpd/internal/flow/recovery/engine.go:192.2,192.68 1 9
github.com/enterprise-idp/idpd/internal/flow/recovery/engine.go:192.68,195.3 2 1
github.com/enterprise-idp/idpd/internal/flow/recovery/engine.go:197.2,198.25 2 8
github.com/enterprise-idp/idpd/internal/flow/recovery/engine.go:198.25,202.3 2 1
github.com/enterprise-idp/idpd/internal/flow/recovery/engine.go:204.2,205.16 2 7
github.com/enterprise-idp/idpd/internal/flow/recovery/engine.go:205.16,207.3 1 1
github.com/enterprise-idp/idpd/internal/flow/recovery/engine.go:210.2,210.106 1 6
github.com/enterprise-idp/idpd/internal/flow/recovery/engine.go:210.106,212.3 1 1
github.com/enterprise-idp/idpd/internal/flow/recovery/engine.go:216.2,217.16 2 5
github.com/enterprise-idp/idpd/internal/flow/recovery/engine.go:217.16,219.3 1 1
github.com/enterprise-idp/idpd/internal/flow/recovery/engine.go:221.2,224.30 3 4
github.com/enterprise-idp/idpd/internal/flow/recovery/engine.go:227.38,229.40 2 3
github.com/enterprise-idp/idpd/internal/flow/recovery/engine.go:229.40,231.3 1 0
github.com/enterprise-idp/idpd/internal/flow/recovery/engine.go:232.2,232.53 1 3
github.com/enterprise-idp/idpd/internal/flow/recovery/handler.go:31.49,33.2 1 26
github.com/enterprise-idp/idpd/internal/flow/recovery/handler.go:36.39,40.2 3 26
github.com/enterprise-idp/idpd/internal/flow/recovery/handler.go:43.68,45.14 2 5
github.com/enterprise-idp/idpd/internal/flow/recovery/handler.go:45.14,48.3 2 1
github.com/enterprise-idp/idpd/internal/flow/recovery/handler.go:50.2,51.16 2 4
github.com/enterprise-idp/idpd/internal/flow/recovery/handler.go:51.16,54.3 2 1
github.com/enterprise-idp/idpd/internal/flow/recovery/handler.go:55.2,56.44 2 3
github.com/enterprise-idp/idpd/internal/flow/recovery/handler.go:61.67,63.14 2 12
github.com/enterprise-idp/idpd/internal/flow/recovery/handler.go:63.14,66.3 2 1
github.com/enterprise-idp/idpd/internal/flow/recovery/handler.go:68.2,69.16 2 11
github.com/enterprise-idp/idpd/internal/flow/recovery/handler.go:69.16,72.3 2 1
github.com/enterprise-idp/idpd/internal/flow/recovery/handler.go:74.2,75.17 2 10
github.com/enterprise-idp/idpd/internal/flow/recovery/handler.go:75.17,78.17 2 5
github.com/enterprise-idp/idpd/internal/flow/recovery/handler.go:78.17,79.40 1 3
github.com/enterprise-idp/idpd/internal/flow/recovery/handler.go:79.40,82.5 2 1
github.com/enterprise-idp/idpd/internal/flow/recovery/handler.go:83.4,83.39 1 2
github.com/enterprise-idp/idpd/internal/flow/recovery/handler.go:83.39,86.5 2 1
github.com/enterprise-idp/idpd/internal/flow/recovery/handler.go:87.4,88.10 2 1
github.com/enterprise-idp/idpd/internal/flow/recovery/handler.go:92.3,99.9 2 2
github.com/enterprise-idp/idpd/internal/flow/recovery/handler.go:102.2,103.16 2 5
github.com/enterprise-idp/idpd/internal/flow/recovery/handler.go:103.16,104.39 1 2
github.com/enterprise-idp/idpd/internal/flow/recovery/handler.go:104.39,107.4 2 1
github.com/enterprise-idp/idpd/internal/flow/recovery/handler.go:108.3,108.38 1 1
github.com/enterprise-idp/idpd/internal/flow/recovery/handler.go:108.38,111.4 2 1
github.com/enterprise-idp/idpd/internal/flow/recovery/handler.go:112.3,113.9 2 0
github.com/enterprise-idp/idpd/internal/flow/recovery/handler.go:116.2,117.44 2 3
github.com/enterprise-idp/idpd/internal/flow/recovery/handler.go:122.70,124.14 2 9
github.com/enterprise-idp/idpd/internal/flow/recovery/handler.go:124.14,127.3 2 1
github.com/enterprise-idp/idpd/internal/flow/recovery/handler.go:129.2,130.16 2 8
github.com/enterprise-idp/idpd/internal/flow/recovery/handler.go:130.16,133.3 2 1
github.com/enterprise-idp/idpd/internal/flow/recovery/handler.go:135.2,136.62 2 7
github.com/enterprise-idp/idpd/internal/flow/recovery/handler.go:136.62,139.3 2 1
github.com/enterprise-idp/idpd/internal/flow/recovery/handler.go:141.2,142.17 2 6
github.com/enterprise-idp/idpd/internal/flow/recovery/handler.go:142.17,145.3 2 2
github.com/enterprise-idp/idpd/internal/flow/recovery/handler.go:147.2,148.16 2 4
github.com/enterprise-idp/idpd/internal/flow/recovery/handler.go:148.16,149.39 1 3
github.com/enterprise-idp/idpd/internal/flow/recovery/handler.go:149.39,152.4 2 1
github.com/enterprise-idp/idpd/internal/flow/recovery/handler.go:153.3,153.38 1 2
github.com/enterprise-idp/idpd/internal/flow/recovery/handler.go:153.38,156.4 2 1
github.com/enterprise-idp/idpd/internal/flow/recovery/handler.go:157.3,158.9 2 1
github.com/enterprise-idp/idpd/internal/flow/recovery/handler.go:161.2,166.4 1 1
github.com/enterprise-idp/idpd/internal/flow/recovery/handler.go:171.60,173.2 1 6
github.com/enterprise-idp/idpd/internal/flow/recovery/handler.go:189.44,191.18 2 6
github.com/enterprise-idp/idpd/internal/flow/recovery/handler.go:191.18,193.3 1 1
github.com/enterprise-idp/idpd/internal/flow/recovery/handler.go:194.2,204.3 1 6
github.com/enterprise-idp/idpd/internal/flow/recovery/handler.go:207.58,211.2 3 26
github.com/enterprise-idp/idpd/internal/flow/recovery/handler.go:213.44,215.2 1 17
github.com/enterprise-idp/idpd/internal/flow/login/engine.go:48.98,55.2 1 35
github.com/enterprise-idp/idpd/internal/flow/login/engine.go:70.88,72.16 2 6
github.com/enterprise-idp/idpd/internal/flow/login/engine.go:72.16,74.3 1 1
github.com/enterprise-idp/idpd/internal/flow/login/engine.go:76.2,93.57 3 5
github.com/enterprise-idp/idpd/internal/flow/login/engine.go:93.57,95.49 2 6
github.com/enterprise-idp/idpd/internal/flow/login/engine.go:95.49,96.12 1 1
github.com/enterprise-idp/idpd/internal/flow/login/engine.go:98.3,98.18 1 5
github.com/enterprise-idp/idpd/internal/flow/login/engine.go:98.18,100.4 1 1
github.com/enterprise-idp/idpd/internal/flow/login/engine.go:102.3,105.18 2 4
github.com/enterprise-idp/idpd/internal/flow/login/engine.go:105.18,107.4 1 1
github.com/enterprise-idp/idpd/internal/flow/login/engine.go:108.3,109.24 2 3
github.com/enterprise-idp/idpd/internal/flow/login/engine.go:109.24,111.4 1 0
github.com/enterprise-idp/idpd/internal/flow/login/engine.go:114.2,137.16 4 3
github.com/enterprise-idp/idpd/internal/flow/login/engine.go:137.16,139.3 1 1
github.com/enterprise-idp/idpd/internal/flow/login/engine.go:140.2,140.15 1 2
github.com/enterprise-idp/idpd/internal/flow/login/engine.go:144.95,146.2 1 2
github.com/enterprise-idp/idpd/internal/flow/login/engine.go:150.142,152.16 2 27
github.com/enterprise-idp/idpd/internal/flow/login/engine.go:152.16,154.3 1 1
github.com/enterprise-idp/idpd/internal/flow/login/engine.go:155.2,155.34 1 26
github.com/enterprise-idp/idpd/internal/flow/login/engine.go:155.34,157.3 1 3
github.com/enterprise-idp/idpd/internal/flow/login/engine.go:159.2,160.16 2 23
github.com/enterprise-idp/idpd/internal/flow/login/engine.go:160.16,162.3 1 1
github.com/enterprise-idp/idpd/internal/flow/login/engine.go:164.2,165.55 2 22
github.com/enterprise-idp/idpd/internal/flow/login/engine.go:165.55,167.3 1 21
github.com/enterprise-idp/idpd/internal/flow/login/engine.go:169.2,169.15 1 22
github.com/enterprise-idp/idpd/internal/flow/login/engine.go:170.22,171.58 1 14
github.com/enterprise-idp/idpd/internal/flow/login/engine.go:172.23,173.59 1 7
github.com/enterprise-idp/idpd/internal/flow/login/engine.go:174.10,175.70 1 1
github.com/enterprise-idp/idpd/internal/flow/login/engine.go:179.159,180.57 1 14
github.com/enterprise-idp/idpd/internal/flow/login/engine.go:180.57,182.3 1 1
github.com/enterprise-idp/idpd/internal/flow/login/engine.go:184.2,185.16 2 13
github.com/enterprise-idp/idpd/internal/flow/login/engine.go:185.16,187.3 1 0
github.com/enterprise-idp/idpd/internal/flow/login/engine.go:189.2,190.22 2 13
github.com/enterprise-idp/idpd/internal/flow/login/engine.go:190.22,192.3 1 1
github.com/enterprise-idp/idpd/internal/flow/login/engine.go:194.2,195.16 2 12
github.com/enterprise-idp/idpd/internal/flow/login/engine.go:195.16,196.43 1 2
github.com/enterprise-idp/idpd/internal/flow/login/engine.go:196.43,199.4 1 1
github.com/enterprise-idp/idpd/internal/flow/login/engine.go:200.3,200.62 1 1
github.com/enterprise-idp/idpd/internal/flow/login/engine.go:203.2,204.26 2 10
github.com/enterprise-idp/idpd/internal/flow/login/engine.go:204.26,206.3 1 9
github.com/enterprise-idp/idpd/internal/flow/login/engine.go:208.2,216.16 2 10
github.com/enterprise-idp/idpd/internal/flow/login/engine.go:216.16,219.3 2 2
github.com/enterprise-idp/idpd/internal/flow/login/engine.go:222.2,222.70 1 8
github.com/enterprise-idp/idpd/internal/flow/login/engine.go:222.70,224.3 1 4
github.com/enterprise-idp/idpd/internal/flow/login/engine.go:227.2,236.105 5 4
github.com/enterprise-idp/idpd/internal/flow/login/engine.go:236.105,238.3 1 1
github.com/enterprise-idp/idpd/internal/flow/login/engine.go:239.2,249.8 3 3
github.com/enterprise-idp/idpd/internal/flow/login/engine.go:254.163,258.58 3 4
github.com/enterprise-idp/idpd/internal/flow/login/engine.go:258.58,260.49 2 5
github.com/enterprise-idp/idpd/internal/flow/login/engine.go:260.49,261.12 1 1
github.com/enterprise-idp/idpd/internal/flow/login/engine.go:263.3,263.18 1 4
github.com/enterprise-idp/idpd/internal/flow/login/engine.go:263.18,265.4 1 0
github.com/enterprise-idp/idpd/internal/flow/login/engine.go:266.3,271.18 2 4
github.com/enterprise-idp/idpd/internal/flow/login/engine.go:271.18,273.4 1 1
github.com/enterprise-idp/idpd/internal/flow/login/engine.go:274.3,275.24 2 3
github.com/enterprise-idp/idpd/internal/flow/login/engine.go:275.24,277.4 1 0
github.com/enterprise-idp/idpd/internal/flow/login/engine.go:280.2,289.100 4 3
github.com/enterprise-idp/idpd/internal/flow/login/engine.go:289.100,291.3 1 1
github.com/enterprise-idp/idpd/internal/flow/login/engine.go:292.2,294.54 2 2
github.com/enterprise-idp/idpd/internal/flow/login/engine.go:297.160,298.58 1 7
github.com/enterprise-idp/idpd/internal/flow/login/engine.go:298.58,300.3 1 1
github.com/enterprise-idp/idpd/internal/flow/login/engine.go:302.2,302.25 1 6
github.com/enterprise-idp/idpd/internal/flow/login/engine.go:302.25,304.3 1 1
github.com/enterprise-idp/idpd/internal/flow/login/engine.go:306.2,307.16 2 5
github.com/enterprise-idp/idpd/internal/flow/login/engine.go:307.16,309.3 1 0
github.com/enterprise-idp/idpd/internal/flow/login/engine.go:311.2,312.16 2 5
github.com/enterprise-idp/idpd/internal/flow/login/engine.go:312.16,313.43 1 1
github.com/enterprise-idp/idpd/internal/flow/login/engine.go:313.43,315.4 1 1
github.com/enterprise-idp/idpd/internal/flow/login/engine.go:316.3,316.62 1 0
github.com/enterprise-idp/idpd/internal/flow/login/engine.go:319.2,320.26 2 4
github.com/enterprise-idp/idpd/internal/flow/login/engine.go:320.26,322.3 1 4
github.com/enterprise-idp/idpd/internal/flow/login/engine.go:324.2,332.16 2 4
github.com/enterprise-idp/idpd/internal/flow/login/engine.go:332.16,335.3 2 1
github.com/enterprise-idp/idpd/internal/flow/login/engine.go:337.2,338.26 2 3
github.com/enterprise-idp/idpd/internal/flow/login/engine.go:338.26,340.3 1 3
github.com/enterprise-idp/idpd/internal/flow/login/engine.go:341.2,353.101 7 3
github.com/enterprise-idp/idpd/internal/flow/login/engine.go:353.101,355.3 1 2
github.com/enterprise-idp/idpd/internal/flow/login/engine.go:356.2,365.8 2 1
github.com/enterprise-idp/idpd/internal/flow/login/engine.go:368.60,370.26 2 8
github.com/enterprise-idp/idpd/internal/flow/login/engine.go:370.26,372.3 1 3
github.com/enterprise-idp/idpd/internal/flow/login/engine.go:373.2,373.10 1 5
github.com/enterprise-idp/idpd/internal/flow/login/engine.go:378.82,383.2 2 3
github.com/enterprise-idp/idpd/internal/flow/login/engine.go:385.49,386.26 1 26
github.com/enterprise-idp/idpd/internal/flow/login/engine.go:386.26,387.13 1 29
github.com/enterprise-idp/idpd/internal/flow/login/engine.go:387.13,389.4 1 22
github.com/enterprise-idp/idpd/internal/flow/login/engine.go:391.2,391.14 1 4
github.com/enterprise-idp/idpd/internal/flow/login/handler.go:38.97,40.2 1 21
github.com/enterprise-idp/idpd/internal/flow/login/handler.go:45.39,49.2 3 21
github.com/enterprise-idp/idpd/internal/flow/login/handler.go:52.68,54.14 2 4
github.com/enterprise-idp/idpd/internal/flow/login/handler.go:54.14,57.3 2 1
github.com/enterprise-idp/idpd/internal/flow/login/handler.go:59.2,60.16 2 3
github.com/enterprise-idp/idpd/internal/flow/login/handler.go:60.16,63.3 2 1
github.com/enterprise-idp/idpd/internal/flow/login/handler.go:65.2,66.44 2 2
github.com/enterprise-idp/idpd/internal/flow/login/handler.go:70.67,72.14 2 7
github.com/enterprise-idp/idpd/internal/flow/login/handler.go:72.14,75.3 2 1
github.com/enterprise-idp/idpd/internal/flow/login/handler.go:77.2,78.16 2 6
github.com/enterprise-idp/idpd/internal/flow/login/handler.go:78.16,81.3 2 1
github.com/enterprise-idp/idpd/internal/flow/login/handler.go:83.2,84.16 2 5
github.com/enterprise-idp/idpd/internal/flow/login/handler.go:84.16,85.39 1 3
github.com/enterprise-idp/idpd/internal/flow/login/handler.go:85.39,88.4 2 1
github.com/enterprise-idp/idpd/internal/flow/login/handler.go:89.3,89.38 1 2
github.com/enterprise-idp/idpd/internal/flow/login/handler.go:89.38,92.4 2 1
github.com/enterprise-idp/idpd/internal/flow/login/handler.go:93.3,94.9 2 1
github.com/enterprise-idp/idpd/internal/flow/login/handler.go:97.2,98.44 2 2
github.com/enterprise-idp/idpd/internal/flow/login/handler.go:102.70,104.14 2 12
github.com/enterprise-idp/idpd/internal/flow/login/handler.go:104.14,107.3 2 1
github.com/enterprise-idp/idpd/internal/flow/login/handler.go:109.2,110.16 2 11
github.com/enterprise-idp/idpd/internal/flow/login/handler.go:110.16,113.3 2 1
github.com/enterprise-idp/idpd/internal/flow/login/handler.go:115.2,116.62 2 10
github.com/enterprise-idp/idpd/internal/flow/login/handler.go:116.62,119.3 2 1
github.com/enterprise-idp/idpd/internal/flow/login/handler.go:121.2,122.18 2 9
github.com/enterprise-idp/idpd/internal/flow/login/handler.go:122.18,125.3 2 1
github.com/enterprise-idp/idpd/internal/flow/login/handler.go:127.2,128.16 2 8
github.com/enterprise-idp/idpd/internal/flow/login/handler.go:128.16,129.39 1 3
github.com/enterprise-idp/idpd/internal/flow/login/handler.go:129.39,132.4 2 1
github.com/enterprise-idp/idpd/internal/flow/login/handler.go:133.3,133.38 1 2
github.com/enterprise-idp/idpd/internal/flow/login/handler.go:133.38,136.4 2 1
github.com/enterprise-idp/idpd/internal/flow/login/handler.go:138.3,139.9 2 1
github.com/enterprise-idp/idpd/internal/flow/login/handler.go:142.2,144.22 2 5
github.com/enterprise-idp/idpd/internal/flow/login/handler.go:144.22,146.18 2 3
github.com/enterprise-idp/idpd/internal/flow/login/handler.go:146.18,149.4 2 1
github.com/enterprise-idp/idpd/internal/flow/login/handler.go:152.3,152.91 1 2
github.com/enterprise-idp/idpd/internal/flow/login/handler.go:152.91,154.19 2 1
github.com/enterprise-idp/idpd/internal/flow/login/handler.go:154.19,157.5 2 0
github.com/enterprise-idp/idpd/internal/flow/login/handler.go:158.4,160.10 3 1
github.com/enterprise-idp/idpd/internal/flow/login/handler.go:163.3,171.9 2 1
github.com/enterprise-idp/idpd/internal/flow/login/handler.go:175.2,175.54 1 2
github.com/enterprise-idp/idpd/internal/flow/login/handler.go:180.60,182.2 1 10
github.com/enterprise-idp/idpd/internal/flow/login/handler.go:200.44,202.18 2 9
github.com/enterprise-idp/idpd/internal/flow/login/handler.go:202.18,204.3 1 1
github.com/enterprise-idp/idpd/internal/flow/login/handler.go:205.2,215.3 1 9
github.com/enterprise-idp/idpd/internal/flow/login/handler.go:218.58,222.2 3 22
github.com/enterprise-idp/idpd/internal/flow/login/handler.go:224.44,226.2 1 16
github.com/enterprise-idp/idpd/internal/flow/registration/engine.go:62.11,71.2 1 29
github.com/enterprise-idp/idpd/internal/flow/registration/engine.go:86.88,88.16 2 6
github.com/enterprise-idp/idpd/internal/flow/registration/engine.go:88.16,90.3 1 1
github.com/enterprise-idp/idpd/internal/flow/registration/engine.go:91.2,91.31 1 5
github.com/enterprise-idp/idpd/internal/flow/registration/engine.go:91.31,93.3 1 1
github.com/enterprise-idp/idpd/internal/flow/registration/engine.go:95.2,110.57 2 4
github.com/enterprise-idp/idpd/internal/flow/registration/engine.go:110.57,112.49 2 5
github.com/enterprise-idp/idpd/internal/flow/registration/engine.go:112.49,113.12 1 2
github.com/enterprise-idp/idpd/internal/flow/registration/engine.go:115.3,115.18 1 3
github.com/enterprise-idp/idpd/internal/flow/registration/engine.go:115.18,117.4 1 0
github.com/enterprise-idp/idpd/internal/flow/registration/engine.go:118.3,119.18 2 3
github.com/enterprise-idp/idpd/internal/flow/registration/engine.go:119.18,121.4 1 1
github.com/enterprise-idp/idpd/internal/flow/registration/engine.go:122.3,122.40 1 2
github.com/enterprise-idp/idpd/internal/flow/registration/engine.go:125.2,126.44 2 3
github.com/enterprise-idp/idpd/internal/flow/registration/engine.go:126.44,128.3 1 3
github.com/enterprise-idp/idpd/internal/flow/registration/engine.go:129.2,149.16 4 3
github.com/enterprise-idp/idpd/internal/flow/registration/engine.go:149.16,151.3 1 1
github.com/enterprise-idp/idpd/internal/flow/registration/engine.go:152.2,152.15 1 2
github.com/enterprise-idp/idpd/internal/flow/registration/engine.go:156.95,158.2 1 2
github.com/enterprise-idp/idpd/internal/flow/registration/engine.go:163.142,165.16 2 21
github.com/enterprise-idp/idpd/internal/flow/registration/engine.go:165.16,167.3 1 1
github.com/enterprise-idp/idpd/internal/flow/registration/engine.go:168.2,168.34 1 20
github.com/enterprise-idp/idpd/internal/flow/registration/engine.go:168.34,170.3 1 3
github.com/enterprise-idp/idpd/internal/flow/registration/engine.go:171.2,171.37 1 17
github.com/enterprise-idp/idpd/internal/flow/registration/engine.go:171.37,173.3 1 1
github.com/enterprise-idp/idpd/internal/flow/registration/engine.go:175.2,176.16 2 16
github.com/enterprise-idp/idpd/internal/flow/registration/engine.go:176.16,178.3 1 0
github.com/enterprise-idp/idpd/internal/flow/registration/engine.go:179.2,179.31 1 16
github.com/enterprise-idp/idpd/internal/flow/registration/engine.go:179.31,181.3 1 1
github.com/enterprise-idp/idpd/internal/flow/registration/engine.go:182.2,182.57 1 15
github.com/enterprise-idp/idpd/internal/flow/registration/engine.go:182.57,184.3 1 1
github.com/enterprise-idp/idpd/internal/flow/registration/engine.go:186.2,187.22 2 14
github.com/enterprise-idp/idpd/internal/flow/registration/engine.go:187.22,189.3 1 1
github.com/enterprise-idp/idpd/internal/flow/registration/engine.go:192.2,193.19 2 13
github.com/enterprise-idp/idpd/internal/flow/registration/engine.go:193.19,195.3 1 1
github.com/enterprise-idp/idpd/internal/flow/registration/engine.go:196.2,196.46 1 12
github.com/enterprise-idp/idpd/internal/flow/registration/engine.go:196.46,198.3 1 1
github.com/enterprise-idp/idpd/internal/flow/registration/engine.go:200.2,201.16 2 11
github.com/enterprise-idp/idpd/internal/flow/registration/engine.go:201.16,203.3 1 0
github.com/enterprise-idp/idpd/internal/flow/registration/engine.go:205.2,209.16 2 11
github.com/enterprise-idp/idpd/internal/flow/registration/engine.go:209.16,211.3 1 1
github.com/enterprise-idp/idpd/internal/flow/registration/engine.go:213.2,214.16 2 10
github.com/enterprise-idp/idpd/internal/flow/registration/engine.go:214.16,216.3 1 1
github.com/enterprise-idp/idpd/internal/flow/registration/engine.go:218.2,219.42 2 9
github.com/enterprise-idp/idpd/internal/flow/registration/engine.go:219.42,221.3 1 3
github.com/enterprise-idp/idpd/internal/flow/registration/engine.go:223.2,225.16 3 9
github.com/enterprise-idp/idpd/internal/flow/registration/engine.go:225.16,227.3 1 1
github.com/enterprise-idp/idpd/internal/flow/registration/engine.go:231.2,232.31 2 8
github.com/enterprise-idp/idpd/internal/flow/registration/engine.go:232.31,234.3 1 7
github.com/enterprise-idp/idpd/internal/flow/registration/engine.go:236.2,236.159 1 8
github.com/enterprise-idp/idpd/internal/flow/registration/engine.go:236.159,238.3 1 1
github.com/enterprise-idp/idpd/internal/flow/registration/engine.go:240.2,243.96 4 7
github.com/enterprise-idp/idpd/internal/flow/registration/engine.go:243.96,245.3 1 0
github.com/enterprise-idp/idpd/internal/flow/registration/engine.go:246.2,249.42 3 7
github.com/enterprise-idp/idpd/internal/flow/registration/engine.go:249.42,251.18 2 3
github.com/enterprise-idp/idpd/internal/flow/registration/engine.go:251.18,253.4 1 1
github.com/enterprise-idp/idpd/internal/flow/registration/engine.go:254.3,260.9 1 2
github.com/enterprise-idp/idpd/internal/flow/registration/engine.go:263.2,268.8 1 4
github.com/enterprise-idp/idpd/internal/flow/registration/engine.go:275.57,276.42 1 23
github.com/enterprise-idp/idpd/internal/flow/registration/engine.go:276.42,278.3 1 15
github.com/enterprise-idp/idpd/internal/flow/registration/engine.go:279.2,279.40 1 8
github.com/enterprise-idp/idpd/internal/flow/registration/engine.go:279.40,281.3 1 2
github.com/enterprise-idp/idpd/internal/flow/registration/engine.go:282.2,282.40 1 6
github.com/enterprise-idp/idpd/internal/flow/registration/engine.go:282.40,284.50 2 3
github.com/enterprise-idp/idpd/internal/flow/registration/engine.go:284.50,285.49 1 2
github.com/enterprise-idp/idpd/internal/flow/registration/engine.go:285.49,287.5 1 1
github.com/enterprise-idp/idpd/internal/flow/registration/engine.go:290.2,290.11 1 5
github.com/enterprise-idp/idpd/internal/flow/registration/engine.go:294.79,296.27 2 13
github.com/enterprise-idp/idpd/internal/flow/registration/engine.go:296.27,297.39 1 23
github.com/enterprise-idp/idpd/internal/flow/registration/engine.go:297.39,299.4 1 12
github.com/enterprise-idp/idpd/internal/flow/registration/engine.go:301.2,302.12 2 13
github.com/enterprise-idp/idpd/internal/flow/registration/engine.go:305.60,307.26 2 14
github.com/enterprise-idp/idpd/internal/flow/registration/engine.go:307.26,309.3 1 6
github.com/enterprise-idp/idpd/internal/flow/registration/engine.go:310.2,310.10 1 8
github.com/enterprise-idp/idpd/internal/flow/registration/engine.go:313.49,314.26 1 15
github.com/enterprise-idp/idpd/internal/flow/registration/engine.go:314.26,315.13 1 15
github.com/enterprise-idp/idpd/internal/flow/registration/engine.go:315.13,317.4 1 14
github.com/enterprise-idp/idpd/internal/flow/registration/engine.go:319.2,319.14 1 1
github.com/enterprise-idp/idpd/internal/flow/registration/handler.go:35.77,37.2 1 26
github.com/enterprise-idp/idpd/internal/flow/registration/handler.go:41.39,45.2 3 26
github.com/enterprise-idp/idpd/internal/flow/registration/handler.go:47.68,49.14 2 4
github.com/enterprise-idp/idpd/internal/flow/registration/handler.go:49.14,52.3 2 1
github.com/enterprise-idp/idpd/internal/flow/registration/handler.go:54.2,55.16 2 3
github.com/enterprise-idp/idpd/internal/flow/registration/handler.go:55.16,58.3 2 1
github.com/enterprise-idp/idpd/internal/flow/registration/handler.go:60.2,61.44 2 2
github.com/enterprise-idp/idpd/internal/flow/registration/handler.go:64.67,66.14 2 6
github.com/enterprise-idp/idpd/internal/flow/registration/handler.go:66.14,69.3 2 1
github.com/enterprise-idp/idpd/internal/flow/registration/handler.go:71.2,72.16 2 5
github.com/enterprise-idp/idpd/internal/flow/registration/handler.go:72.16,75.3 2 1
github.com/enterprise-idp/idpd/internal/flow/registration/handler.go:77.2,78.16 2 4
github.com/enterprise-idp/idpd/internal/flow/registration/handler.go:78.16,79.39 1 2
github.com/enterprise-idp/idpd/internal/flow/registration/handler.go:79.39,82.4 2 1
github.com/enterprise-idp/idpd/internal/flow/registration/handler.go:83.3,83.38 1 1
github.com/enterprise-idp/idpd/internal/flow/registration/handler.go:83.38,86.4 2 1
github.com/enterprise-idp/idpd/internal/flow/registration/handler.go:87.3,88.9 2 0
github.com/enterprise-idp/idpd/internal/flow/registration/handler.go:91.2,92.44 2 2
github.com/enterprise-idp/idpd/internal/flow/registration/handler.go:95.70,97.14 2 16
github.com/enterprise-idp/idpd/internal/flow/registration/handler.go:97.14,100.3 2 1
github.com/enterprise-idp/idpd/internal/flow/registration/handler.go:102.2,103.16 2 15
github.com/enterprise-idp/idpd/internal/flow/registration/handler.go:103.16,106.3 2 1
github.com/enterprise-idp/idpd/internal/flow/registration/handler.go:108.2,109.62 2 14
github.com/enterprise-idp/idpd/internal/flow/registration/handler.go:109.62,112.3 2 1
github.com/enterprise-idp/idpd/internal/flow/registration/handler.go:114.2,115.18 2 13
github.com/enterprise-idp/idpd/internal/flow/registration/handler.go:115.18,118.3 2 2
github.com/enterprise-idp/idpd/internal/flow/registration/handler.go:120.2,121.16 2 11
github.com/enterprise-idp/idpd/internal/flow/registration/handler.go:121.16,122.39 1 3
github.com/enterprise-idp/idpd/internal/flow/registration/handler.go:122.39,125.4 2 1
github.com/enterprise-idp/idpd/internal/flow/registration/handler.go:126.3,126.38 1 2
github.com/enterprise-idp/idpd/internal/flow/registration/handler.go:126.38,129.4 2 1
github.com/enterprise-idp/idpd/internal/flow/registration/handler.go:130.3,131.9 2 1
github.com/enterprise-idp/idpd/internal/flow/registration/handler.go:134.2,136.30 2 8
github.com/enterprise-idp/idpd/internal/flow/registration/handler.go:136.30,147.3 2 3
github.com/enterprise-idp/idpd/internal/flow/registration/handler.go:149.2,149.22 1 5
github.com/enterprise-idp/idpd/internal/flow/registration/handler.go:149.22,151.18 2 5
github.com/enterprise-idp/idpd/internal/flow/registration/handler.go:151.18,154.4 2 1
github.com/enterprise-idp/idpd/internal/flow/registration/handler.go:155.3,162.9 2 4
github.com/enterprise-idp/idpd/internal/flow/registration/handler.go:165.2,165.54 1 0
github.com/enterprise-idp/idpd/internal/flow/registration/handler.go:170.60,172.2 1 12
github.com/enterprise-idp/idpd/internal/flow/registration/handler.go:188.44,190.18 2 7
github.com/enterprise-idp/idpd/internal/flow/registration/handler.go:190.18,192.3 1 0
github.com/enterprise-idp/idpd/internal/flow/registration/handler.go:193.2,203.3 1 7
github.com/enterprise-idp/idpd/internal/flow/registration/handler.go:206.58,210.2 3 26
github.com/enterprise-idp/idpd/internal/flow/registration/handler.go:212.44,214.2 1 15
github.com/enterprise-idp/idpd/internal/sso/handler.go:29.42,31.2 1 34
github.com/enterprise-idp/idpd/internal/sso/handler.go:34.39,40.2 5 34
github.com/enterprise-idp/idpd/internal/sso/handler.go:48.66,50.14 2 9
github.com/enterprise-idp/idpd/internal/sso/handler.go:50.14,53.3 2 1
github.com/enterprise-idp/idpd/internal/sso/handler.go:55.2,56.61 2 8
github.com/enterprise-idp/idpd/internal/sso/handler.go:56.61,59.3 2 1
github.com/enterprise-idp/idpd/internal/sso/handler.go:60.2,60.46 1 7
github.com/enterprise-idp/idpd/internal/sso/handler.go:60.46,63.3 2 1
github.com/enterprise-idp/idpd/internal/sso/handler.go:64.2,64.24 1 6
github.com/enterprise-idp/idpd/internal/sso/handler.go:64.24,67.3 2 1
github.com/enterprise-idp/idpd/internal/sso/handler.go:68.2,68.26 1 5
github.com/enterprise-idp/idpd/internal/sso/handler.go:68.26,71.3 2 1
github.com/enterprise-idp/idpd/internal/sso/handler.go:73.2,74.16 2 4
github.com/enterprise-idp/idpd/internal/sso/handler.go:74.16,77.3 2 1
github.com/enterprise-idp/idpd/internal/sso/handler.go:78.2,78.49 1 3
github.com/enterprise-idp/idpd/internal/sso/handler.go:81.64,83.14 2 6
github.com/enterprise-idp/idpd/internal/sso/handler.go:83.14,86.3 2 1
github.com/enterprise-idp/idpd/internal/sso/handler.go:88.2,89.16 2 5
github.com/enterprise-idp/idpd/internal/sso/handler.go:89.16,92.3 2 1
github.com/enterprise-idp/idpd/internal/sso/handler.go:93.2,94.30 2 4
github.com/enterprise-idp/idpd/internal/sso/handler.go:94.30,96.3 1 3
github.com/enterprise-idp/idpd/internal/sso/handler.go:97.2,97.64 1 4
github.com/enterprise-idp/idpd/internal/sso/handler.go:100.63,102.14 2 6
github.com/enterprise-idp/idpd/internal/sso/handler.go:102.14,105.3 2 1
github.com/enterprise-idp/idpd/internal/sso/handler.go:107.2,108.16 2 5
github.com/enterprise-idp/idpd/internal/sso/handler.go:108.16,111.3 2 1
github.com/enterprise-idp/idpd/internal/sso/handler.go:113.2,114.16 2 4
github.com/enterprise-idp/idpd/internal/sso/handler.go:114.16,115.34 1 3
github.com/enterprise-idp/idpd/internal/sso/handler.go:115.34,118.4 2 2
github.com/enterprise-idp/idpd/internal/sso/handler.go:119.3,120.9 2 1
github.com/enterprise-idp/idpd/internal/sso/handler.go:122.2,122.44 1 1
github.com/enterprise-idp/idpd/internal/sso/handler.go:125.66,127.14 2 6
github.com/enterprise-idp/idpd/internal/sso/handler.go:127.14,130.3 2 1
github.com/enterprise-idp/idpd/internal/sso/handler.go:132.2,133.16 2 5
github.com/enterprise-idp/idpd/internal/sso/handler.go:133.16,136.3 2 1
github.com/enterprise-idp/idpd/internal/sso/handler.go:138.2,138.70 1 4
github.com/enterprise-idp/idpd/internal/sso/handler.go:138.70,139.34 1 3
github.com/enterprise-idp/idpd/internal/sso/handler.go:139.34,142.4 2 2
github.com/enterprise-idp/idpd/internal/sso/handler.go:143.3,144.9 2 1
github.com/enterprise-idp/idpd/internal/sso/handler.go:146.2,146.37 1 1
github.com/enterprise-idp/idpd/internal/sso/handler.go:149.70,151.14 2 7
github.com/enterprise-idp/idpd/internal/sso/handler.go:151.14,154.3 2 1
github.com/enterprise-idp/idpd/internal/sso/handler.go:156.2,157.16 2 6
github.com/enterprise-idp/idpd/internal/sso/handler.go:157.16,160.3 2 1
github.com/enterprise-idp/idpd/internal/sso/handler.go:162.2,165.62 2 5
github.com/enterprise-idp/idpd/internal/sso/handler.go:165.62,168.3 2 1
github.com/enterprise-idp/idpd/internal/sso/handler.go:170.2,170.88 1 4
github.com/enterprise-idp/idpd/internal/sso/handler.go:170.88,171.34 1 2
github.com/enterprise-idp/idpd/internal/sso/handler.go:171.34,174.4 2 1
github.com/enterprise-idp/idpd/internal/sso/handler.go:175.3,176.9 2 1
github.com/enterprise-idp/idpd/internal/sso/handler.go:178.2,178.37 1 2
github.com/enterprise-idp/idpd/internal/sso/handler.go:192.47,199.2 1 7
github.com/enterprise-idp/idpd/internal/sso/handler.go:201.58,205.2 3 31
github.com/enterprise-idp/idpd/internal/sso/handler.go:207.44,209.2 1 23
github.com/enterprise-idp/idpd/internal/sso/store.go:24.42,26.2 1 0
github.com/enterprise-idp/idpd/internal/sso/store.go:29.130,38.16 4 2
github.com/enterprise-idp/idpd/internal/sso/store.go:38.16,40.3 1 1
github.com/enterprise-idp/idpd/internal/sso/store.go:41.2,42.16 2 1
github.com/enterprise-idp/idpd/internal/sso/store.go:46.93,55.35 4 4
github.com/enterprise-idp/idpd/internal/sso/store.go:55.35,57.3 1 2
github.com/enterprise-idp/idpd/internal/sso/store.go:58.2,58.16 1 2
github.com/enterprise-idp/idpd/internal/sso/store.go:58.16,60.3 1 1
github.com/enterprise-idp/idpd/internal/sso/store.go:61.2,62.16 2 1
github.com/enterprise-idp/idpd/internal/sso/store.go:66.84,73.16 2 3
github.com/enterprise-idp/idpd/internal/sso/store.go:73.16,75.3 1 1
github.com/enterprise-idp/idpd/internal/sso/store.go:76.2,79.18 3 2
github.com/enterprise-idp/idpd/internal/sso/store.go:79.18,82.98 3 2
github.com/enterprise-idp/idpd/internal/sso/store.go:82.98,84.4 1 0
github.com/enterprise-idp/idpd/internal/sso/store.go:85.3,86.36 2 2
github.com/enterprise-idp/idpd/internal/sso/store.go:88.2,88.30 1 2
github.com/enterprise-idp/idpd/internal/sso/store.go:92.102,99.16 2 3
github.com/enterprise-idp/idpd/internal/sso/store.go:99.16,101.3 1 1
github.com/enterprise-idp/idpd/internal/sso/store.go:102.2,105.18 3 2
github.com/enterprise-idp/idpd/internal/sso/store.go:105.18,108.98 3 1
github.com/enterprise-idp/idpd/internal/sso/store.go:108.98,110.4 1 0
github.com/enterprise-idp/idpd/internal/sso/store.go:111.3,112.36 2 1
github.com/enterprise-idp/idpd/internal/sso/store.go:114.2,114.30 1 2
github.com/enterprise-idp/idpd/internal/sso/store.go:118.83,123.16 2 3
github.com/enterprise-idp/idpd/internal/sso/store.go:123.16,125.3 1 1
github.com/enterprise-idp/idpd/internal/sso/store.go:126.2,126.29 1 2
github.com/enterprise-idp/idpd/internal/sso/store.go:126.29,128.3 1 1
github.com/enterprise-idp/idpd/internal/sso/store.go:129.2,129.12 1 1
github.com/enterprise-idp/idpd/internal/sso/store.go:133.101,138.16 2 4
github.com/enterprise-idp/idpd/internal/sso/store.go:138.16,140.3 1 1
github.com/enterprise-idp/idpd/internal/sso/store.go:141.2,141.29 1 3
github.com/enterprise-idp/idpd/internal/sso/store.go:141.29,143.3 1 1
github.com/enterprise-idp/idpd/internal/sso/store.go:144.2,144.12 1 2
github.com/enterprise-idp/idpd/internal/flow/settings/engine.go:42.80,44.2 1 26
github.com/enterprise-idp/idpd/internal/flow/settings/engine.go:47.100,49.16 2 5
github.com/enterprise-idp/idpd/internal/flow/settings/engine.go:49.16,51.3 1 1
github.com/enterprise-idp/idpd/internal/flow/settings/engine.go:54.2,58.43 4 4
github.com/enterprise-idp/idpd/internal/flow/settings/engine.go:58.43,60.3 1 4
github.com/enterprise-idp/idpd/internal/flow/settings/engine.go:62.2,122.16 4 4
github.com/enterprise-idp/idpd/internal/flow/settings/engine.go:122.16,124.3 1 1
github.com/enterprise-idp/idpd/internal/flow/settings/engine.go:126.2,126.98 1 3
github.com/enterprise-idp/idpd/internal/flow/settings/engine.go:126.98,128.3 1 0
github.com/enterprise-idp/idpd/internal/flow/settings/engine.go:129.2,130.15 2 3
github.com/enterprise-idp/idpd/internal/flow/settings/engine.go:134.95,136.2 1 2
github.com/enterprise-idp/idpd/internal/flow/settings/engine.go:140.137,142.16 2 19
github.com/enterprise-idp/idpd/internal/flow/settings/engine.go:142.16,144.3 1 0
github.com/enterprise-idp/idpd/internal/flow/settings/engine.go:145.2,145.34 1 19
github.com/enterprise-idp/idpd/internal/flow/settings/engine.go:145.34,147.3 1 1
github.com/enterprise-idp/idpd/internal/flow/settings/engine.go:148.2,148.33 1 18
github.com/enterprise-idp/idpd/internal/flow/settings/engine.go:148.33,150.3 1 1
github.com/enterprise-idp/idpd/internal/flow/settings/engine.go:152.2,152.56 1 17
github.com/enterprise-idp/idpd/internal/flow/settings/engine.go:152.56,154.3 1 2
github.com/enterprise-idp/idpd/internal/flow/settings/engine.go:156.2,156.16 1 15
github.com/enterprise-idp/idpd/internal/flow/settings/engine.go:157.17,158.71 1 6
github.com/enterprise-idp/idpd/internal/flow/settings/engine.go:159.18,160.72 1 8
github.com/enterprise-idp/idpd/internal/flow/settings/engine.go:161.10,162.70 1 1
github.com/enterprise-idp/idpd/internal/flow/settings/engine.go:167.139,169.16 2 6
github.com/enterprise-idp/idpd/internal/flow/settings/engine.go:169.16,171.3 1 1
github.com/enterprise-idp/idpd/internal/flow/settings/engine.go:174.2,175.62 2 5
github.com/enterprise-idp/idpd/internal/flow/settings/engine.go:175.62,177.3 1 0
github.com/enterprise-idp/idpd/internal/flow/settings/engine.go:178.2,178.27 1 5
github.com/enterprise-idp/idpd/internal/flow/settings/engine.go:178.27,179.39 1 8
github.com/enterprise-idp/idpd/internal/flow/settings/engine.go:179.39,181.4 1 6
github.com/enterprise-idp/idpd/internal/flow/settings/engine.go:184.2,185.16 2 5
github.com/enterprise-idp/idpd/internal/flow/settings/engine.go:185.16,187.3 1 0
github.com/enterprise-idp/idpd/internal/flow/settings/engine.go:188.2,188.99 1 5
github.com/enterprise-idp/idpd/internal/flow/settings/engine.go:188.99,190.3 1 1
github.com/enterprise-idp/idpd/internal/flow/settings/engine.go:192.2,195.12 4 4
github.com/enterprise-idp/idpd/internal/flow/settings/engine.go:201.140,203.47 2 8
github.com/enterprise-idp/idpd/internal/flow/settings/engine.go:203.47,205.3 1 1
github.com/enterprise-idp/idpd/internal/flow/settings/engine.go:206.2,206.16 1 7
github.com/enterprise-idp/idpd/internal/flow/settings/engine.go:206.16,208.3 1 1
github.com/enterprise-idp/idpd/internal/flow/settings/engine.go:210.2,215.16 2 6
github.com/enterprise-idp/idpd/internal/flow/settings/engine.go:215.16,217.3 1 1
github.com/enterprise-idp/idpd/internal/flow/settings/engine.go:221.2,224.22 3 5
github.com/enterprise-idp/idpd/internal/flow/settings/engine.go:224.22,226.3 1 3
github.com/enterprise-idp/idpd/internal/flow/settings/engine.go:226.8,226.34 1 2
github.com/enterprise-idp/idpd/internal/flow/settings/engine.go:226.34,230.19 2 2
github.com/enterprise-idp/idpd/internal/flow/settings/engine.go:230.19,232.52 2 2
github.com/enterprise-idp/idpd/internal/flow/settings/engine.go:232.52,233.50 1 2
github.com/enterprise-idp/idpd/internal/flow/settings/engine.go:233.50,235.6 1 2
github.com/enterprise-idp/idpd/internal/flow/settings/engine.go:240.2,240.137 1 5
github.com/enterprise-idp/idpd/internal/flow/settings/engine.go:240.137,242.3 1 1
github.com/enterprise-idp/idpd/internal/flow/settings/engine.go:244.2,247.12 4 4
github.com/enterprise-idp/idpd/internal/flow/settings/handler.go:35.73,37.2 1 23
github.com/enterprise-idp/idpd/internal/flow/settings/handler.go:40.39,44.2 3 23
github.com/enterprise-idp/idpd/internal/flow/settings/handler.go:48.68,50.14 2 8
github.com/enterprise-idp/idpd/internal/flow/settings/handler.go:50.14,53.3 2 1
github.com/enterprise-idp/idpd/internal/flow/settings/handler.go:55.2,56.16 2 7
github.com/enterprise-idp/idpd/internal/flow/settings/handler.go:56.16,59.3 2 2
github.com/enterprise-idp/idpd/internal/flow/settings/handler.go:61.2,62.16 2 5
github.com/enterprise-idp/idpd/internal/flow/settings/handler.go:62.16,65.3 2 1
github.com/enterprise-idp/idpd/internal/flow/settings/handler.go:66.2,67.44 2 4
github.com/enterprise-idp/idpd/internal/flow/settings/handler.go:71.67,73.14 2 5
github.com/enterprise-idp/idpd/internal/flow/settings/handler.go:73.14,76.3 2 0
github.com/enterprise-idp/idpd/internal/flow/settings/handler.go:78.2,79.16 2 5
github.com/enterprise-idp/idpd/internal/flow/settings/handler.go:79.16,82.3 2 1
github.com/enterprise-idp/idpd/internal/flow/settings/handler.go:84.2,85.16 2 4
github.com/enterprise-idp/idpd/internal/flow/settings/handler.go:85.16,86.39 1 2
github.com/enterprise-idp/idpd/internal/flow/settings/handler.go:86.39,89.4 2 1
github.com/enterprise-idp/idpd/internal/flow/settings/handler.go:90.3,90.38 1 1
github.com/enterprise-idp/idpd/internal/flow/settings/handler.go:90.38,93.4 2 1
github.com/enterprise-idp/idpd/internal/flow/settings/handler.go:94.3,95.9 2 0
github.com/enterprise-idp/idpd/internal/flow/settings/handler.go:98.2,99.44 2 2
github.com/enterprise-idp/idpd/internal/flow/settings/handler.go:104.70,106.14 2 10
github.com/enterprise-idp/idpd/internal/flow/settings/handler.go:106.14,109.3 2 0
github.com/enterprise-idp/idpd/internal/flow/settings/handler.go:111.2,112.16 2 10
github.com/enterprise-idp/idpd/internal/flow/settings/handler.go:112.16,115.3 2 1
github.com/enterprise-idp/idpd/internal/flow/settings/handler.go:117.2,118.16 2 9
github.com/enterprise-idp/idpd/internal/flow/settings/handler.go:118.16,121.3 2 1
github.com/enterprise-idp/idpd/internal/flow/settings/handler.go:123.2,124.62 2 8
github.com/enterprise-idp/idpd/internal/flow/settings/handler.go:124.62,127.3 2 0
github.com/enterprise-idp/idpd/internal/flow/settings/handler.go:129.2,130.18 2 8
github.com/enterprise-idp/idpd/internal/flow/settings/handler.go:130.18,133.3 2 1
github.com/enterprise-idp/idpd/internal/flow/settings/handler.go:135.2,135.102 1 7
github.com/enterprise-idp/idpd/internal/flow/settings/handler.go:135.102,136.39 1 3
github.com/enterprise-idp/idpd/internal/flow/settings/handler.go:136.39,139.4 2 1
github.com/enterprise-idp/idpd/internal/flow/settings/handler.go:140.3,140.38 1 2
github.com/enterprise-idp/idpd/internal/flow/settings/handler.go:140.38,143.4 2 1
github.com/enterprise-idp/idpd/internal/flow/settings/handler.go:144.3,145.9 2 1
github.com/enterprise-idp/idpd/internal/flow/settings/handler.go:148.2,148.68 1 4
github.com/enterprise-idp/idpd/internal/flow/settings/handler.go:153.97,155.17 2 17
github.com/enterprise-idp/idpd/internal/flow/settings/handler.go:155.17,157.3 1 2
github.com/enterprise-idp/idpd/internal/flow/settings/handler.go:158.2,159.16 2 15
github.com/enterprise-idp/idpd/internal/flow/settings/handler.go:159.16,161.3 1 1
github.com/enterprise-idp/idpd/internal/flow/settings/handler.go:162.2,162.18 1 14
github.com/enterprise-idp/idpd/internal/flow/settings/handler.go:165.43,166.51 1 17
github.com/enterprise-idp/idpd/internal/flow/settings/handler.go:166.51,168.3 1 14
github.com/enterprise-idp/idpd/internal/flow/settings/handler.go:169.2,169.73 1 3
github.com/enterprise-idp/idpd/internal/flow/settings/handler.go:169.73,171.3 1 1
github.com/enterprise-idp/idpd/internal/flow/settings/handler.go:172.2,172.11 1 2
github.com/enterprise-idp/idpd/internal/flow/settings/handler.go:175.60,177.2 1 6
github.com/enterprise-idp/idpd/internal/flow/settings/handler.go:193.44,195.18 2 6
github.com/enterprise-idp/idpd/internal/flow/settings/handler.go:195.18,197.3 1 6
github.com/enterprise-idp/idpd/internal/flow/settings/handler.go:198.2,208.3 1 6
github.com/enterprise-idp/idpd/internal/flow/settings/handler.go:211.58,215.2 3 23
github.com/enterprise-idp/idpd/internal/flow/settings/handler.go:217.44,219.2 1 13
github.com/enterprise-idp/idpd/internal/session/handler.go:26.46,28.2 1 21
github.com/enterprise-idp/idpd/internal/session/handler.go:32.39,35.2 2 21
github.com/enterprise-idp/idpd/internal/session/handler.go:38.66,40.14 2 14
github.com/enterprise-idp/idpd/internal/session/handler.go:40.14,43.3 2 1
github.com/enterprise-idp/idpd/internal/session/handler.go:45.2,46.17 2 13
github.com/enterprise-idp/idpd/internal/session/handler.go:46.17,49.3 2 2
github.com/enterprise-idp/idpd/internal/session/handler.go:51.2,52.16 2 11
github.com/enterprise-idp/idpd/internal/session/handler.go:52.16,53.64 1 7
github.com/enterprise-idp/idpd/internal/session/handler.go:53.64,56.4 2 4
github.com/enterprise-idp/idpd/internal/session/handler.go:57.3,57.33 1 3
github.com/enterprise-idp/idpd/internal/session/handler.go:57.33,60.4 2 2
github.com/enterprise-idp/idpd/internal/session/handler.go:61.3,62.9 2 1
github.com/enterprise-idp/idpd/internal/session/handler.go:65.2,73.4 1 4
github.com/enterprise-idp/idpd/internal/session/handler.go:77.66,79.14 2 7
github.com/enterprise-idp/idpd/internal/session/handler.go:79.14,82.3 2 1
github.com/enterprise-idp/idpd/internal/session/handler.go:84.2,85.17 2 6
github.com/enterprise-idp/idpd/internal/session/handler.go:85.17,88.3 2 1
github.com/enterprise-idp/idpd/internal/session/handler.go:90.2,90.72 1 5
github.com/enterprise-idp/idpd/internal/session/handler.go:90.72,91.34 1 4
github.com/enterprise-idp/idpd/internal/session/handler.go:91.34,94.4 2 3
github.com/enterprise-idp/idpd/internal/session/handler.go:95.3,96.9 2 1
github.com/enterprise-idp/idpd/internal/session/handler.go:99.2,99.37 1 1
github.com/enterprise-idp/idpd/internal/session/handler.go:102.43,103.51 1 19
github.com/enterprise-idp/idpd/internal/session/handler.go:103.51,105.3 1 15
github.com/enterprise-idp/idpd/internal/session/handler.go:106.2,106.73 1 4
github.com/enterprise-idp/idpd/internal/session/handler.go:106.73,108.3 1 1
github.com/enterprise-idp/idpd/internal/session/handler.go:109.2,109.11 1 3
github.com/enterprise-idp/idpd/internal/session/handler.go:112.58,116.2 3 20
github.com/enterprise-idp/idpd/internal/session/handler.go:118.44,120.2 1 16
github.com/enterprise-idp/idpd/internal/session/store.go:24.42,26.2 1 0
github.com/enterprise-idp/idpd/internal/session/store.go:29.140,31.16 2 3
github.com/enterprise-idp/idpd/internal/session/store.go:31.16,33.3 1 0
github.com/enterprise-idp/idpd/internal/session/store.go:35.2,35.16 1 3
github.com/enterprise-idp/idpd/internal/session/store.go:35.16,37.3 1 1
github.com/enterprise-idp/idpd/internal/session/store.go:38.2,39.16 2 3
github.com/enterprise-idp/idpd/internal/session/store.go:39.16,41.3 1 0
github.com/enterprise-idp/idpd/internal/session/store.go:43.2,54.16 5 3
github.com/enterprise-idp/idpd/internal/session/store.go:54.16,56.3 1 1
github.com/enterprise-idp/idpd/internal/session/store.go:58.2,58.53 1 2
github.com/enterprise-idp/idpd/internal/session/store.go:58.53,60.3 1 0
github.com/enterprise-idp/idpd/internal/session/store.go:61.2,61.19 1 2
github.com/enterprise-idp/idpd/internal/session/store.go:65.101,75.35 4 6
github.com/enterprise-idp/idpd/internal/session/store.go:75.35,77.3 1 2
github.com/enterprise-idp/idpd/internal/session/store.go:78.2,78.16 1 4
github.com/enterprise-idp/idpd/internal/session/store.go:78.16,80.3 1 1
github.com/enterprise-idp/idpd/internal/session/store.go:81.2,81.18 1 3
github.com/enterprise-idp/idpd/internal/session/store.go:81.18,83.3 1 1
github.com/enterprise-idp/idpd/internal/session/store.go:84.2,84.38 1 2
github.com/enterprise-idp/idpd/internal/session/store.go:84.38,86.3 1 1
github.com/enterprise-idp/idpd/internal/session/store.go:87.2,87.53 1 1
github.com/enterprise-idp/idpd/internal/session/store.go:87.53,89.3 1 0
github.com/enterprise-idp/idpd/internal/session/store.go:90.2,90.19 1 1
github.com/enterprise-idp/idpd/internal/session/store.go:94.82,99.16 2 3
github.com/enterprise-idp/idpd/internal/session/store.go:99.16,101.3 1 1
github.com/enterprise-idp/idpd/internal/session/store.go:102.2,102.29 1 2
github.com/enterprise-idp/idpd/internal/session/store.go:102.29,104.3 1 1
github.com/enterprise-idp/idpd/internal/session/store.go:105.2,105.12 1 1
github.com/enterprise-idp/idpd/internal/session/store.go:109.92,114.16 2 3
github.com/enterprise-idp/idpd/internal/session/store.go:114.16,116.3 1 1
github.com/enterprise-idp/idpd/internal/session/store.go:117.2,117.29 1 2
github.com/enterprise-idp/idpd/internal/session/store.go:117.29,119.3 1 1
github.com/enterprise-idp/idpd/internal/session/store.go:120.2,120.12 1 1
github.com/enterprise-idp/idpd/internal/session/store.go:123.38,125.40 2 57
github.com/enterprise-idp/idpd/internal/session/store.go:125.40,127.3 1 0
github.com/enterprise-idp/idpd/internal/session/store.go:128.2,128.53 1 57
github.com/enterprise-idp/idpd/internal/session/store.go:131.49,132.44 1 12
github.com/enterprise-idp/idpd/internal/session/store.go:132.44,135.3 2 3
github.com/enterprise-idp/idpd/internal/session/store.go:136.2,136.33 1 9
github.com/enterprise-idp/idpd/internal/dbutil/querier.go:25.86,27.2 1 0
github.com/enterprise-idp/idpd/internal/dbutil/querier.go:28.93,30.2 1 0
github.com/enterprise-idp/idpd/internal/dbutil/querier.go:31.101,33.2 1 0
github.com/enterprise-idp/idpd/internal/dbutil/querier.go:36.39,36.71 1 0
github.com/enterprise-idp/idpd/internal/oidc/engine.go:80.11,90.2 1 16
github.com/enterprise-idp/idpd/internal/oidc/engine.go:94.109,96.16 2 10
github.com/enterprise-idp/idpd/internal/oidc/engine.go:96.16,98.3 1 1
github.com/enterprise-idp/idpd/internal/oidc/engine.go:99.2,99.34 1 9
github.com/enterprise-idp/idpd/internal/oidc/engine.go:99.34,101.3 1 1
github.com/enterprise-idp/idpd/internal/oidc/engine.go:103.2,104.16 2 8
github.com/enterprise-idp/idpd/internal/oidc/engine.go:104.16,106.3 1 1
github.com/enterprise-idp/idpd/internal/oidc/engine.go:107.2,107.16 1 7
github.com/enterprise-idp/idpd/internal/oidc/engine.go:107.16,109.3 1 1
github.com/enterprise-idp/idpd/internal/oidc/engine.go:110.2,110.22 1 6
github.com/enterprise-idp/idpd/internal/oidc/engine.go:110.22,112.3 1 1
github.com/enterprise-idp/idpd/internal/oidc/engine.go:114.2,115.55 2 5
github.com/enterprise-idp/idpd/internal/oidc/engine.go:115.55,117.3 1 1
github.com/enterprise-idp/idpd/internal/oidc/engine.go:119.2,120.16 2 4
github.com/enterprise-idp/idpd/internal/oidc/engine.go:120.16,122.3 1 0
github.com/enterprise-idp/idpd/internal/oidc/engine.go:124.2,125.16 2 4
github.com/enterprise-idp/idpd/internal/oidc/engine.go:125.16,127.3 1 0
github.com/enterprise-idp/idpd/internal/oidc/engine.go:128.2,129.16 2 4
github.com/enterprise-idp/idpd/internal/oidc/engine.go:129.16,131.3 1 0
github.com/enterprise-idp/idpd/internal/oidc/engine.go:132.2,135.22 3 4
github.com/enterprise-idp/idpd/internal/oidc/engine.go:135.22,137.3 1 4
github.com/enterprise-idp/idpd/internal/oidc/engine.go:139.2,156.26 3 4
github.com/enterprise-idp/idpd/internal/oidc/engine.go:156.26,158.3 1 4
github.com/enterprise-idp/idpd/internal/oidc/engine.go:159.2,163.101 4 4
github.com/enterprise-idp/idpd/internal/oidc/engine.go:163.101,165.3 1 1
github.com/enterprise-idp/idpd/internal/oidc/engine.go:167.2,167.21 1 3
github.com/enterprise-idp/idpd/internal/oidc/engine.go:172.119,174.16 2 6
github.com/enterprise-idp/idpd/internal/oidc/engine.go:174.16,176.3 1 1
github.com/enterprise-idp/idpd/internal/oidc/engine.go:178.2,179.16 2 5
github.com/enterprise-idp/idpd/internal/oidc/engine.go:179.16,181.3 1 1
github.com/enterprise-idp/idpd/internal/oidc/engine.go:182.2,182.34 1 4
github.com/enterprise-idp/idpd/internal/oidc/engine.go:182.34,184.3 1 1
github.com/enterprise-idp/idpd/internal/oidc/engine.go:185.2,185.64 1 3
github.com/enterprise-idp/idpd/internal/oidc/engine.go:185.64,187.3 1 1
github.com/enterprise-idp/idpd/internal/oidc/engine.go:189.2,190.16 2 2
github.com/enterprise-idp/idpd/internal/oidc/engine.go:190.16,192.3 1 1
github.com/enterprise-idp/idpd/internal/oidc/engine.go:193.2,197.16 4 1
github.com/enterprise-idp/idpd/internal/oidc/engine.go:197.16,199.3 1 1
github.com/enterprise-idp/idpd/internal/oidc/engine.go:201.2,202.55 2 0
github.com/enterprise-idp/idpd/internal/oidc/engine.go:202.55,204.3 1 0
github.com/enterprise-idp/idpd/internal/oidc/engine.go:206.2,207.16 2 0
github.com/enterprise-idp/idpd/internal/oidc/engine.go:207.16,209.3 1 0
github.com/enterprise-idp/idpd/internal/oidc/engine.go:211.2,212.22 2 0
github.com/enterprise-idp/idpd/internal/oidc/engine.go:212.22,214.3 1 0
github.com/enterprise-idp/idpd/internal/oidc/engine.go:215.2,226.16 3 0
github.com/enterprise-idp/idpd/internal/oidc/engine.go:226.16,228.3 1 0
github.com/enterprise-idp/idpd/internal/oidc/engine.go:230.2,231.9 2 0
github.com/enterprise-idp/idpd/internal/oidc/engine.go:231.9,233.3 1 0
github.com/enterprise-idp/idpd/internal/oidc/engine.go:235.2,237.16 3 0
github.com/enterprise-idp/idpd/internal/oidc/engine.go:237.16,239.3 1 0
github.com/enterprise-idp/idpd/internal/oidc/engine.go:241.2,241.28 1 0
github.com/enterprise-idp/idpd/internal/oidc/engine.go:241.28,243.3 1 0
github.com/enterprise-idp/idpd/internal/oidc/engine.go:245.2,250.48 2 0
github.com/enterprise-idp/idpd/internal/oidc/engine.go:250.48,252.3 1 0
github.com/enterprise-idp/idpd/internal/oidc/engine.go:255.2,263.22 5 0
github.com/enterprise-idp/idpd/internal/oidc/engine.go:263.22,266.19 2 0
github.com/enterprise-idp/idpd/internal/oidc/engine.go:266.19,268.4 1 0
github.com/enterprise-idp/idpd/internal/oidc/engine.go:269.3,269.42 1 0
github.com/enterprise-idp/idpd/internal/oidc/engine.go:269.42,271.4 1 0
github.com/enterprise-idp/idpd/internal/oidc/engine.go:272.3,272.39 1 0
github.com/enterprise-idp/idpd/internal/oidc/engine.go:273.8,273.55 1 0
github.com/enterprise-idp/idpd/internal/oidc/engine.go:273.55,276.20 2 0
github.com/enterprise-idp/idpd/internal/oidc/engine.go:276.20,278.4 1 0
github.com/enterprise-idp/idpd/internal/oidc/engine.go:280.3,285.19 3 0
github.com/enterprise-idp/idpd/internal/oidc/engine.go:285.19,287.4 1 0
github.com/enterprise-idp/idpd/internal/oidc/engine.go:289.3,296.58 2 0
github.com/enterprise-idp/idpd/internal/oidc/engine.go:296.58,298.4 1 0
github.com/enterprise-idp/idpd/internal/oidc/engine.go:300.3,301.15 2 0
github.com/enterprise-idp/idpd/internal/oidc/engine.go:302.8,304.3 1 0
github.com/enterprise-idp/idpd/internal/oidc/engine.go:306.2,307.16 2 0
github.com/enterprise-idp/idpd/internal/oidc/engine.go:307.16,309.3 1 0
github.com/enterprise-idp/idpd/internal/oidc/engine.go:310.2,313.16 3 0
github.com/enterprise-idp/idpd/internal/oidc/engine.go:313.16,315.3 1 0
github.com/enterprise-idp/idpd/internal/oidc/engine.go:317.2,324.8 3 0
github.com/enterprise-idp/idpd/internal/oidc/engine.go:329.99,331.45 2 4
github.com/enterprise-idp/idpd/internal/oidc/engine.go:331.45,334.3 2 1
github.com/enterprise-idp/idpd/internal/oidc/engine.go:335.2,340.45 4 3
github.com/enterprise-idp/idpd/internal/oidc/engine.go:340.45,342.3 1 0
github.com/enterprise-idp/idpd/internal/oidc/engine.go:344.2,345.16 2 3
github.com/enterprise-idp/idpd/internal/oidc/engine.go:345.16,347.3 1 0
github.com/enterprise-idp/idpd/internal/oidc/engine.go:348.2,349.15 2 3
github.com/enterprise-idp/idpd/internal/oidc/engine.go:352.42,354.40 2 10
github.com/enterprise-idp/idpd/internal/oidc/engine.go:354.40,356.3 1 0
github.com/enterprise-idp/idpd/internal/oidc/engine.go:357.2,357.53 1 10
github.com/enterprise-idp/idpd/internal/oidc/engine.go:360.44,363.2 2 7
github.com/enterprise-idp/idpd/internal/oidc/engine.go:365.60,367.26 2 3
github.com/enterprise-idp/idpd/internal/oidc/engine.go:367.26,369.3 1 2
github.com/enterprise-idp/idpd/internal/oidc/engine.go:370.2,370.10 1 1
github.com/enterprise-idp/idpd/internal/oidc/handler.go:26.45,28.2 1 15
github.com/enterprise-idp/idpd/internal/oidc/handler.go:31.39,36.2 2 15
github.com/enterprise-idp/idpd/internal/oidc/handler.go:41.68,43.14 2 8
github.com/enterprise-idp/idpd/internal/oidc/handler.go:43.14,46.3 2 1
github.com/enterprise-idp/idpd/internal/oidc/handler.go:48.2,49.16 2 7
github.com/enterprise-idp/idpd/internal/oidc/handler.go:49.16,52.3 2 1
github.com/enterprise-idp/idpd/internal/oidc/handler.go:54.2,57.62 2 6
github.com/enterprise-idp/idpd/internal/oidc/handler.go:57.62,60.3 2 1
github.com/enterprise-idp/idpd/internal/oidc/handler.go:62.2,63.16 2 5
github.com/enterprise-idp/idpd/internal/oidc/handler.go:63.16,66.3 2 1
github.com/enterprise-idp/idpd/internal/oidc/handler.go:68.2,69.16 2 4
github.com/enterprise-idp/idpd/internal/oidc/handler.go:69.16,70.39 1 3
github.com/enterprise-idp/idpd/internal/oidc/handler.go:70.39,73.4 2 1
github.com/enterprise-idp/idpd/internal/oidc/handler.go:74.3,74.38 1 2
github.com/enterprise-idp/idpd/internal/oidc/handler.go:74.38,77.4 2 1
github.com/enterprise-idp/idpd/internal/oidc/handler.go:78.3,79.9 2 1
github.com/enterprise-idp/idpd/internal/oidc/handler.go:82.2,82.75 1 1
github.com/enterprise-idp/idpd/internal/oidc/handler.go:88.68,90.14 2 7
github.com/enterprise-idp/idpd/internal/oidc/handler.go:90.14,93.3 2 1
github.com/enterprise-idp/idpd/internal/oidc/handler.go:96.2,96.60 1 6
github.com/enterprise-idp/idpd/internal/oidc/handler.go:96.60,103.3 3 1
github.com/enterprise-idp/idpd/internal/oidc/handler.go:105.2,107.31 3 5
github.com/enterprise-idp/idpd/internal/oidc/handler.go:107.31,110.3 2 1
github.com/enterprise-idp/idpd/internal/oidc/handler.go:112.2,113.16 2 4
github.com/enterprise-idp/idpd/internal/oidc/handler.go:113.16,114.39 1 3
github.com/enterprise-idp/idpd/internal/oidc/handler.go:114.39,117.4 2 1
github.com/enterprise-idp/idpd/internal/oidc/handler.go:118.3,118.38 1 2
github.com/enterprise-idp/idpd/internal/oidc/handler.go:118.38,121.4 2 1
github.com/enterprise-idp/idpd/internal/oidc/handler.go:122.3,123.9 2 1
github.com/enterprise-idp/idpd/internal/oidc/handler.go:126.2,133.4 1 1
github.com/enterprise-idp/idpd/internal/oidc/handler.go:136.58,140.2 3 15
github.com/enterprise-idp/idpd/internal/oidc/handler.go:142.44,144.2 1 12
